
Tue Oct 27 2015 16:24:29 GMT+0100 (CET)

Operating System
  Name                        = Mac OS X
  Version                     = 10.11
  Architecture                = 64bit
  # CPUs                      = 8
  Memory                      = 8589934592

Node.js
  Node.js Version             = 0.10.37
  npm Version                 = 1.4.28

Titanium CLI
  CLI Version                 = 5.0.5

Titanium SDK
  SDK Version                 = 5.0.2.GA
  SDK Path                    = /Users/geraudbourdin/Library/Application Support/Titanium/mobilesdk/osx/5.0.2.GA
  Target Platform             = android

Command
  /usr/local/bin/node /Users/geraudbourdin/.appcelerator/install/5.0.3/package/node_modules/appc-cli-titanium/node_modules/titanium/bin/titanium build --platform android --log-level trace --sdk 5.0.2.GA --project-dir /Users/geraudbourdin/Documents/Mobile/Ti.SvgView-TestApp --target device --android-sdk /Users/geraudbourdin/Library/android-sdk-macosx --device-id 116f01c8 --no-colors --no-progress-bars --no-prompt --prompt-type socket-bundle --prompt-port 52099 --plugin-paths /Users/geraudbourdin/.appcelerator/install/5.0.3/package/node_modules --config-file /var/folders/hc/y3phd41x03l038pl1l5tczkc0000gn/T/build-1445959464897.json --no-banner

[DEBUG]  Detecting modules in /Users/geraudbourdin/Documents/Mobile/Ti.SvgView-TestApp/modules
[DEBUG]  Detected android module: com.geraudbourdin.svgview 1.0.0 @ /Users/geraudbourdin/Documents/Mobile/Ti.SvgView-TestApp/modules/android/com.geraudbourdin.svgview/1.0.0
[DEBUG]  Detected android module: com.geraudbourdin.svgview 1.0.1 @ /Users/geraudbourdin/Documents/Mobile/Ti.SvgView-TestApp/modules/android/com.geraudbourdin.svgview/1.0.1
[DEBUG]  Detected iphone module: com.geraudbourdin.svgview 1.0.1 @ /Users/geraudbourdin/Documents/Mobile/Ti.SvgView-TestApp/modules/iphone/com.geraudbourdin.svgview/1.0.1
[DEBUG]  Detected iphone module: com.geraudbourdin.svgview 1.0.2 @ /Users/geraudbourdin/Documents/Mobile/Ti.SvgView-TestApp/modules/iphone/com.geraudbourdin.svgview/1.0.2
[DEBUG]  Detecting modules in /Users/geraudbourdin/Library/Application Support/Titanium/modules
[DEBUG]  Detected android module: facebook 3.0.3 @ /Users/geraudbourdin/Library/Application Support/Titanium/modules/android/facebook/3.0.3
[DEBUG]  Detected android module: facebook 4.0.5 @ /Users/geraudbourdin/Library/Application Support/Titanium/modules/android/facebook/4.0.5
[DEBUG]  Detected android module: ti.cloudpush 3.3.7 @ /Users/geraudbourdin/Library/Application Support/Titanium/modules/android/ti.cloudpush/3.3.7
[DEBUG]  Detected android module: ti.cloudpush 3.4.0 @ /Users/geraudbourdin/Library/Application Support/Titanium/modules/android/ti.cloudpush/3.4.0
[DEBUG]  Detected android module: ti.map 2.2.3 @ /Users/geraudbourdin/Library/Application Support/Titanium/modules/android/ti.map/2.2.3
[DEBUG]  Detected android module: ti.map 2.3.3 @ /Users/geraudbourdin/Library/Application Support/Titanium/modules/android/ti.map/2.3.3
[DEBUG]  Detected commonjs module: ti.cloud 3.2.7 @ /Users/geraudbourdin/Library/Application Support/Titanium/modules/commonjs/ti.cloud/3.2.7
[DEBUG]  Detected commonjs module: ti.cloud 3.2.9 @ /Users/geraudbourdin/Library/Application Support/Titanium/modules/commonjs/ti.cloud/3.2.9
[DEBUG]  Detected iphone module: com.appcelerator.urlSession 1.1.0 @ /Users/geraudbourdin/Library/Application Support/Titanium/modules/iphone/com.appcelerator.urlSession/1.1.0
[DEBUG]  Detected iphone module: com.appcelerator.urlSession 1.1.1 @ /Users/geraudbourdin/Library/Application Support/Titanium/modules/iphone/com.appcelerator.urlSession/1.1.1
[DEBUG]  Detected iphone module: facebook 3.2.0 @ /Users/geraudbourdin/Library/Application Support/Titanium/modules/iphone/facebook/3.2.0
[DEBUG]  Detected iphone module: facebook 4.0.5 @ /Users/geraudbourdin/Library/Application Support/Titanium/modules/iphone/facebook/4.0.5
[DEBUG]  Detected iphone module: ti.coremotion 1.1.0 @ /Users/geraudbourdin/Library/Application Support/Titanium/modules/iphone/ti.coremotion/1.1.0
[DEBUG]  Detected iphone module: ti.map 2.2.0 @ /Users/geraudbourdin/Library/Application Support/Titanium/modules/iphone/ti.map/2.2.0
[DEBUG]  Detected iphone module: ti.map 2.4.1 @ /Users/geraudbourdin/Library/Application Support/Titanium/modules/iphone/ti.map/2.4.1
[DEBUG]  Detected iphone module: ti.touchid 1.1.0 @ /Users/geraudbourdin/Library/Application Support/Titanium/modules/iphone/ti.touchid/1.1.0
[DEBUG]  Detected iphone module: ti.touchid 1.2.0 @ /Users/geraudbourdin/Library/Application Support/Titanium/modules/iphone/ti.touchid/1.2.0
[DEBUG]  Looking for Titanium module id=com.geraudbourdin.svgview version=1.0.1 platform=android deploy-type=test
[INFO]   Found Titanium module id=com.geraudbourdin.svgview version=1.0.1 platform=android deploy-type=test path=/Users/geraudbourdin/Documents/Mobile/Ti.SvgView-TestApp/modules/android/com.geraudbourdin.svgview/1.0.1
[DEBUG]  Detecting plugins in /Users/geraudbourdin/Documents/Mobile/Ti.SvgView-TestApp/plugins
[DEBUG]  Detected plugin: ti.alloy @ /Users/geraudbourdin/Documents/Mobile/Ti.SvgView-TestApp/plugins/ti.alloy
[DEBUG]  Looking for Titanium plugin id=ti.alloy version=1.0
[INFO]   Found Titanium plugin id=ti.alloy version=1.0 
[DEBUG]  Titanium SDK Android directory: /Users/geraudbourdin/Library/Application Support/Titanium/mobilesdk/osx/5.0.2.GA/android
[INFO]   Deploy type: test
[INFO]   Building for target: device
[INFO]   Building for device: 116f01c8
[INFO]   Targeting Android SDK: 23
[INFO]   Building for the following architectures: armeabi, armeabi-v7a, x86
[INFO]   Signing with keystore: /Users/geraudbourdin/Library/Application Support/Titanium/mobilesdk/osx/5.0.2.GA/android/dev_keystore (tidev)
[DEBUG]  App ID: com.geraudbourdin.svgview.test
[DEBUG]  Classname: SvgviewTestapp
[INFO]   Debugging disabled
[INFO]   Profiler disabled
[INFO]   Forcing rebuild: /Users/geraudbourdin/Documents/Mobile/Ti.SvgView-TestApp/build/android/build-manifest.json does not exist
[INFO]   Found Alloy app in /Users/geraudbourdin/Documents/Mobile/Ti.SvgView-TestApp/app
[INFO]   Executing Alloy compile: /usr/local/bin/node /Users/geraudbourdin/.appcelerator/install/5.0.3/package/node_modules/appc-cli-titanium/node_modules/alloy/bin/alloy compile /Users/geraudbourdin/Documents/Mobile/Ti.SvgView-TestApp/app --config platform=android,version=0,simtype=none,devicefamily=none,deploytype=test,target=device --no-colors
[DEBUG]         .__  .__                
[DEBUG]  _____  |  | |  |   ____ ___.__.
[DEBUG]  \__  \ |  | |  |  /  _ <   |  |
[DEBUG]   / __ \|  |_|  |_(  <_> )___  |
[DEBUG]  (____  /____/____/\____// ____|
[DEBUG]       \/                 \/
[DEBUG]  Alloy 1.7.16 by Appcelerator. The MVC app framework for Titanium.
[DEBUG]  ----- CONFIGURATION -----
[DEBUG]  raw config = "platform=android,version=0,simtype=none,devicefamily=none,deploytype=test,target=device"
[DEBUG]  platform = android
[DEBUG]  version = 0
[DEBUG]  simtype = none
[DEBUG]  devicefamily = none
[DEBUG]  deploytype = test
[DEBUG]  target = device
[DEBUG]  project path = /Users/geraudbourdin/Documents/Mobile/Ti.SvgView-TestApp
[DEBUG]  app path = /Users/geraudbourdin/Documents/Mobile/Ti.SvgView-TestApp/app
[DEBUG]  
[DEBUG]  ----- CONFIG.JSON -----
[DEBUG]  dependencies = {}
[INFO]   [config.json] regenerating CFG.js from config.json...
[DEBUG]  {
[DEBUG]  "dependencies": {},
[DEBUG]  "sourcemap": true,
[DEBUG]  "autoStyle": false,
[DEBUG]  "adapters": [
[DEBUG]  "localStorage",
[DEBUG]  "properties",
[DEBUG]  "sql"
[DEBUG]  ]
[DEBUG]  }
[DEBUG]  
[DEBUG]  ----- CLEANING RESOURCES -----
[DEBUG]  Removing orphaned controllers ...
[DEBUG]  Removing orphaned models ...
[DEBUG]  Removing orphaned styles ...
[DEBUG]  Removing orphaned sync adapters...
[DEBUG]  Removing orphaned assets and libs...
[DEBUG]  
[DEBUG]  ----- BASE RUNTIME FILES -----
[TRACE]  SRC_DIR=/Users/geraudbourdin/.appcelerator/install/5.0.3/package/node_modules/appc-cli-titanium/node_modules/alloy/Alloy/lib
[TRACE]  Copying SRC_DIR/alloy/sync/sql.js --> Resources/android/alloy/sync/sql.js
[TRACE]  Copying SRC_DIR/alloy/sync/properties.js --> Resources/android/alloy/sync/properties.js
[TRACE]  Copying SRC_DIR/alloy/sync/localStorage.js --> Resources/android/alloy/sync/localStorage.js
[TRACE]  Copying SRC_DIR/alloy/controllers/BaseController.js --> Resources/android/alloy/controllers/BaseController.js
[TRACE]  Copying SRC_DIR/alloy/widget.js --> Resources/android/alloy/widget.js
[TRACE]  Copying SRC_DIR/alloy/underscore.js --> Resources/android/alloy/underscore.js
[TRACE]  Copying SRC_DIR/alloy.js --> Resources/android/alloy.js
[TRACE]  
[TRACE]  SRC_DIR=/Users/geraudbourdin/.appcelerator/install/5.0.3/package/node_modules/appc-cli-titanium/node_modules/alloy/Alloy/common
[TRACE]  Copying SRC_DIR/constants.js --> Resources/android/alloy/constants.js
[TRACE]  
[TRACE]  SRC_DIR=/Users/geraudbourdin/Documents/Mobile/Ti.SvgView-TestApp/app/assets
[TRACE]  Copying SRC_DIR/pieChart.svg --> Resources/android/pieChart.svg
[TRACE]  Copying SRC_DIR/android.svg --> Resources/android/android.svg
[TRACE]  Copying SRC_DIR/9.svg --> Resources/android/9.svg
[TRACE]  Copying SRC_DIR/8.svg --> Resources/android/8.svg
[TRACE]  Copying SRC_DIR/7.svg --> Resources/android/7.svg
[TRACE]  Copying SRC_DIR/6.svg --> Resources/android/6.svg
[TRACE]  Copying SRC_DIR/5.svg --> Resources/android/5.svg
[TRACE]  Copying SRC_DIR/4.svg --> Resources/android/4.svg
[TRACE]  Copying SRC_DIR/3.svg --> Resources/android/3.svg
[TRACE]  Copying SRC_DIR/20.svg --> Resources/android/20.svg
[TRACE]  Copying SRC_DIR/2.svg --> Resources/android/2.svg
[TRACE]  Copying SRC_DIR/19.svg --> Resources/android/19.svg
[TRACE]  Copying SRC_DIR/18.svg --> Resources/android/18.svg
[TRACE]  Copying SRC_DIR/17.svg --> Resources/android/17.svg
[TRACE]  Copying SRC_DIR/16.svg --> Resources/android/16.svg
[TRACE]  Copying SRC_DIR/15.svg --> Resources/android/15.svg
[TRACE]  Copying SRC_DIR/14.svg --> Resources/android/14.svg
[TRACE]  Copying SRC_DIR/13.svg --> Resources/android/13.svg
[TRACE]  Copying SRC_DIR/12.svg --> Resources/android/12.svg
[TRACE]  Copying SRC_DIR/11.svg --> Resources/android/11.svg
[TRACE]  Copying SRC_DIR/10.svg --> Resources/android/10.svg
[TRACE]  Copying SRC_DIR/1.svg --> Resources/android/1.svg
[TRACE]  Copying SRC_DIR/0.svg --> Resources/android/0.svg
[TRACE]  Copying SRC_DIR/android/appicon.png --> Resources/android/appicon.png
[TRACE]  Copying SRC_DIR/android/default.png --> Resources/android/default.png
[TRACE]  Creating directory Resources/android/images
[TRACE]  Creating directory Resources/android/images/res-long-land-hdpi
[TRACE]  Creating directory Resources/android/images/res-long-land-ldpi
[TRACE]  Creating directory Resources/android/images/res-long-port-hdpi
[TRACE]  Creating directory Resources/android/images/res-long-port-ldpi
[TRACE]  Creating directory Resources/android/images/res-notlong-land-hdpi
[TRACE]  Creating directory Resources/android/images/res-notlong-land-ldpi
[TRACE]  Creating directory Resources/android/images/res-notlong-land-mdpi
[TRACE]  Creating directory Resources/android/images/res-notlong-port-hdpi
[TRACE]  Creating directory Resources/android/images/res-notlong-port-ldpi
[TRACE]  Creating directory Resources/android/images/res-notlong-port-mdpi
[TRACE]  Copying SRC_DIR/android/images/res-long-land-hdpi/default.png --> Resources/android/images/res-long-land-hdpi/default.png
[TRACE]  Copying SRC_DIR/android/images/res-long-land-ldpi/default.png --> Resources/android/images/res-long-land-ldpi/default.png
[TRACE]  Copying SRC_DIR/android/images/res-long-port-hdpi/default.png --> Resources/android/images/res-long-port-hdpi/default.png
[TRACE]  Copying SRC_DIR/android/images/res-long-port-ldpi/default.png --> Resources/android/images/res-long-port-ldpi/default.png
[TRACE]  Copying SRC_DIR/android/images/res-notlong-land-hdpi/default.png --> Resources/android/images/res-notlong-land-hdpi/default.png
[TRACE]  Copying SRC_DIR/android/images/res-notlong-land-ldpi/default.png --> Resources/android/images/res-notlong-land-ldpi/default.png
[TRACE]  Copying SRC_DIR/android/images/res-notlong-land-mdpi/default.png --> Resources/android/images/res-notlong-land-mdpi/default.png
[TRACE]  Copying SRC_DIR/android/images/res-notlong-port-hdpi/default.png --> Resources/android/images/res-notlong-port-hdpi/default.png
[TRACE]  Copying SRC_DIR/android/images/res-notlong-port-ldpi/default.png --> Resources/android/images/res-notlong-port-ldpi/default.png
[TRACE]  Copying SRC_DIR/android/images/res-notlong-port-mdpi/default.png --> Resources/android/images/res-notlong-port-mdpi/default.png
[TRACE]  
[TRACE]  SRC_DIR=/Users/geraudbourdin/Documents/Mobile/Ti.SvgView-TestApp/app/lib
[TRACE]  Copying SRC_DIR/uiModules.js --> Resources/android/uiModules.js
[TRACE]  
[DEBUG]  
[INFO]   ----- MVC GENERATION -----
[INFO]   [global style] writing to cache...
[INFO]   [index.xml] view processing...
[INFO]   style:      "index.tss"
[INFO]   view:       "index.xml"
[INFO]   controller: "index.js"
[TRACE]  - Processing "builtins" module...
[TRACE]  - Processing "optimizer" module...
[TRACE]  - Processing "compress" module...
[INFO]   created:    "Resources/android/alloy/controllers/index.js"
[DEBUG]  map:        "build/map/Resources/android/alloy/controllers/index.js.map"
[INFO]   created:     "Resources/android/alloy/styles/index.js"
[INFO]   [listView.xml] view processing...
[INFO]   style:      "listView.tss"
[INFO]   view:       "listView.xml"
[INFO]   controller: "listView.js"
[TRACE]  - Processing "builtins" module...
[TRACE]  - Processing "optimizer" module...
[TRACE]  - Processing "compress" module...
[INFO]   created:    "Resources/android/alloy/controllers/listView.js"
[DEBUG]  map:        "build/map/Resources/android/alloy/controllers/listView.js.map"
[INFO]   created:     "Resources/android/alloy/styles/listView.js"
[INFO]   
[INFO]   
[INFO]   [app.js] Titanium entry point processing...
[TRACE]  - Processing "builtins" module...
[TRACE]  - Processing "optimizer" module...
[TRACE]  - Processing "compress" module...
[INFO]   created:    "Resources/android/app.js"
[DEBUG]  map:        "build/map/Resources/android/app.js.map"
[INFO]   
[INFO]   ----- OPTIMIZING -----
[INFO]   - android/alloy.js
[TRACE]  processing "builtins" module...
[TRACE]  processing "optimizer" module...
[TRACE]  processing "compress" module...
[INFO]   - android/uiModules.js
[TRACE]  processing "builtins" module...
[TRACE]  processing "optimizer" module...
[TRACE]  processing "compress" module...
[INFO]   - android/alloy/sync/localStorage.js
[TRACE]  processing "builtins" module...
[TRACE]  processing "optimizer" module...
[TRACE]  processing "compress" module...
[INFO]   - android/alloy/sync/properties.js
[TRACE]  processing "builtins" module...
[TRACE]  processing "optimizer" module...
[TRACE]  processing "compress" module...
[INFO]   - android/alloy/sync/sql.js
[TRACE]  processing "builtins" module...
[TRACE]  processing "optimizer" module...
[TRACE]  processing "compress" module...
[TRACE]  
[TRACE]  Benchmarking
[TRACE]  ------------
[TRACE]  [0.72199s] TOTAL
[INFO]   
[INFO]   Alloy compiled in 0.72199s
[INFO]   Alloy compiler completed successfully
[TRACE]  offline build file /var/folders/hc/y3phd41x03l038pl1l5tczkc0000gn/T/build-0e6d9edce42298ea2bab0fdc0e9f6befc92ba644.json
[TRACE]  online 1
[TRACE]  sending request {"json":{"username":"gtwin@bourdin.name","session":"3d81061e3abcc19e8cdab54586d98cbb1cd75ea1 415rCgTiECeq5R1DQoQxYSvWoWeUac4WTviQ1Q7akEKg7Lhv+vErnRAthOo3N07vZeMuzRCReXJDn7135kfB/i3375eQ+oGTQA5GZv5G/lPjudcgCaDldGyLfXRxrCHePQCr0vmmsdPIjkmun+9kD1tokUUI2m9QW33XqKtuOeeM7AWH17j1Nx8EizbgOFzBwlWX4tKEMWwWv06b5d1vJ56XcfHMxXUF3beav+VPrnJaN1UZ59FlHoZD08pz6ucUsYefEPnAERzzFu3HfgLz9mIdYjS9IgbQ5tNaDtutmGxca875JRbSGltiG3gDPG0v6ohnSyPlYLo7M+PyW+uF27myGwRH7XKb+cNObIABSV0Q5Q0dbcZMgZiiGkFJ6GBXlJDM2m6n9pQFen6cQwGUkDNAvGI+w9O8SLvirIF26fiPp6Yjc0UzNk3MW0/tj/+/cEp8lsx+IpGl3pkPbI00NXq9QC8dFsnFjUI/kteNdNbsHWqgtMXU2YxiV2+Ivagc/qO3Oljv2cswEskCyR+IZxAa6FrnFNKg2fbHJy04ZgqIIpa7mXBCPZfwx+2p3C04wqWKl2wW1mDun7/knteEP1UQx+BLvQ889R/V2VfldDo0SHasVxK2myFJuzHAK1pBoAbeWXRis2zErJlvbVeV23zUqN3K+9hQvr6nXtqtvuDHYtfMaLs6P7HacY4CD41gFU/gBiO7xyKuFSTPWBaD4Fl/4bNLjBMKGXOsdDK+1jFClMtbVfT4ED2hh6Ul1rDQOkJ7SRapk94ib2dOYM1QwWVQN7wnTUPmZT5zDu5/YDQ=","ipaddress":"192.168.0.102","fingerprint":"09feeef251cd54eced5fed5a2c00cbbe05ccdc8a","fingerprint_description":"Mac OSX Serial Number: C02HJ0UMDV35","guid":"dbaea402-46fb-47aa-9222-260b66d760a3","appid":"com.geraudbourdin.svgview.test","name":"svgview-testapp","org_id":100031338,"deploytype":"test","tiappxml":"<?xml version=\"1.0\" encoding=\"UTF-8\"?>\n<ti:app \n  xmlns:ti=\"http://ti.appcelerator.org\">\n  <id>com.geraudbourdin.svgview.test</id>\n  <name>svgview-testapp</name>\n  <version>1.0</version>\n  <publisher>gtwin</publisher>\n  <url>https://github.com/GeraudBourdin/Ti.SvgView-TestApp</url>\n  <description>undefined</description>\n  <copyright>2015 by Géraud Bourdin</copyright>\n  <icon>appicon.png</icon>\n  <fullscreen>false</fullscreen>\n  <navbar-hidden>false</navbar-hidden>\n  <analytics>true</analytics>\n  <guid>dbaea402-46fb-47aa-9222-260b66d760a3</guid>\n  <property name=\"ti.ui.defaultunit\" type=\"string\">dp</property>\n  <ios>\n    <plist>\n      <dict>\n        <key>UISupportedInterfaceOrientations~iphone</key>\n        <array>\n          <string>UIInterfaceOrientationPortrait</string>\n        </array>\n        <key>UISupportedInterfaceOrientations~ipad</key>\n        <array>\n          <string>UIInterfaceOrientationPortrait</string>\n          <string>UIInterfaceOrientationPortraitUpsideDown</string>\n          <string>UIInterfaceOrientationLandscapeLeft</string>\n          <string>UIInterfaceOrientationLandscapeRight</string>\n        </array>\n        <key>UIRequiresPersistentWiFi</key>\n        <false/>\n        <key>UIPrerenderedIcon</key>\n        <false/>\n        <key>UIStatusBarHidden</key>\n        <false/>\n        <key>UIStatusBarStyle</key>\n        <string>UIStatusBarStyleDefault</string>\n      </dict>\n    </plist>\n  </ios>\n  <android \n    xmlns:android=\"http://schemas.android.com/apk/res/android\"/>\n    <mobileweb>\n      <precache/>\n      <splash>\n        <enabled>true</enabled>\n        <inline-css-images>true</inline-css-images>\n      </splash>\n      <theme>default</theme>\n    </mobileweb>\n    <modules>\n      <module platform=\"iphone\" version=\"1.0.2\">com.geraudbourdin.svgview</module>\n      <module platform=\"android\" version=\"1.0.1\">com.geraudbourdin.svgview</module>\n    </modules>\n    <deployment-targets>\n      <target device=\"iphone\">true</target>\n      <target device=\"ipad\">true</target>\n      <target device=\"android\">true</target>\n      <target device=\"mobileweb\">false</target>\n    </deployment-targets>\n    <sdk-version>5.0.2.GA</sdk-version>\n    <plugins>\n      <plugin version=\"1.0\">ti.alloy</plugin>\n    </plugins>\n    <property name=\"appc-app-id\" type=\"string\">562f82e0bc404f16587a6abd</property>\n  </ti:app>","modules":[{"id":"com.geraudbourdin.svgview","platform":["android"],"version":"1.0.1","deployType":["test"],"modulePath":"/Users/geraudbourdin/Documents/Mobile/Ti.SvgView-TestApp/modules/android/com.geraudbourdin.svgview/1.0.1","manifest":{"version":"1.0.1","apiversion":"2","architectures":"armeabi armeabi-v7a x86","description":"svgview","author":"Géraud Bourdin","license":"MIT","copyright":"Géraud Bourdin","name":"svgview","moduleid":"com.geraudbourdin.svgview","guid":"d2065fa0-388f-4bf7-95b8-bd52fbdb6e74","platform":"android","minsdk":"3.5.1.GA"},"native":true,"jarName":"svgview.jar","jarFile":"/Users/geraudbourdin/Documents/Mobile/Ti.SvgView-TestApp/modules/android/com.geraudbourdin.svgview/1.0.1/svgview.jar","hash":"dc871cadf537f8559842649010fe95ce","abis":["armeabi","armeabi-v7a","x86"],"bindings":{"proxies":{"com.geraudbourdin.svgview.ViewProxy":{"superPackageName":"org.appcelerator.titanium.proxy","dynamicProperties":{"image":{"set":true,"nativeConverter":"org.appcelerator.kroll.KrollConverter","setMethodName":"setImage","setMethodArgs":[{"converter":"org.appcelerator.kroll.KrollConverter","defaultValueProvider":"org.appcelerator.kroll.KrollConverter","name":"val","sourceName":"val","type":"java.lang.String"}],"getMethodName":"getImage","setDefaultProviders":["org.appcelerator.kroll.KrollConverter"],"converter":"org.appcelerator.kroll.KrollConverter","defaultValueProvider":"org.appcelerator.kroll.KrollConverter","retain":true,"javascriptConverter":"org.appcelerator.kroll.KrollConverter","getHasInvocation":false,"runOnUiThread":false,"getMethodArgs":[],"getReturnType":"java.lang.String","setReturnType":"void","get":true,"name":"image","setHasInvocation":false,"getDefaultProviders":[]}},"methods":{"getImage":{"runOnUiThread":false,"hasInvocation":false,"args":[],"apiName":"getImage","converter":"org.appcelerator.kroll.KrollConverter","defaultValueProvider":"org.appcelerator.kroll.KrollConverter","name":"__default_name__","returnType":"java.lang.String"},"setImage":{"runOnUiThread":false,"hasInvocation":false,"args":[{"converter":"org.appcelerator.kroll.KrollConverter","defaultValueProvider":"org.appcelerator.kroll.KrollConverter","name":"val","sourceName":"val","type":"java.lang.String"}],"apiName":"setImage","converter":"org.appcelerator.kroll.KrollConverter","defaultValueProvider":"org.appcelerator.kroll.KrollConverter","name":"__default_name__","returnType":"void"}},"superProxyBindingClassName":"org.appcelerator.titanium.proxy.TiViewProxyBindingGen","proxyClassName":"ViewProxy","proxyAttrs":{"propertyAccessors":[],"fullAPIName":"SvgView.View","name":"View","proxyClassName":"com.geraudbourdin.svgview.ViewProxy","isTopLevel":false,"id":"com.geraudbourdin.svgview.ViewProxy","creatableInModule":"com.geraudbourdin.svgview.SvgViewModule","parentModule":"org.appcelerator.kroll.annotations.Kroll.DEFAULT"},"packageName":"com.geraudbourdin.svgview","sourceName":"com.geraudbourdin.svgview.ViewProxyBindingGen","superProxyClassName":"TiViewProxy","isModule":false,"genClassName":"ViewProxyBindingGen"},"com.geraudbourdin.svgview.SvgViewModule":{"superPackageName":"org.appcelerator.kroll","superProxyBindingClassName":"org.appcelerator.kroll.KrollModuleBindingGen","proxyClassName":"SvgViewModule","proxyAttrs":{"propertyAccessors":[],"fullAPIName":"SvgView","name":"SvgView","proxyClassName":"com.geraudbourdin.svgview.SvgViewModule","isTopLevel":false,"id":"com.geraudbourdin.svgview"},"packageName":"com.geraudbourdin.svgview","sourceName":"com.geraudbourdin.svgview.SvgViewModuleBindingGen","superProxyClassName":"KrollModule","isModule":true,"genClassName":"SvgViewModuleBindingGen","onAppCreate":"onAppCreate"}},"modules":{"com.geraudbourdin.svgview.SvgViewModule":{"apiName":"SvgView","createProxies":[{"propertyAccessors":[],"fullAPIName":"SvgView.View","name":"View","proxyClassName":"com.geraudbourdin.svgview.ViewProxy","isTopLevel":false,"id":"com.geraudbourdin.svgview.ViewProxy","creatableInModule":"com.geraudbourdin.svgview.SvgViewModule","parentModule":"org.appcelerator.kroll.annotations.Kroll.DEFAULT"}]}}}}]},"gzip":true,"followAllRedirects":true,"url":"https://security.appcelerator.com/build-verify"}
[TRACE]  result from /build-verify=> {"key":"G9V7P8Ig9ohtvWtow4yVow==","pepper":"6E8CJB4WlygT2gYdCqq0VQ==","hmacKey":"BIL7UB/xp7rKL4yeMKfWxg==","o":100031338,"u":"a6c2c49c-d968-4ae9-b442-ebda8a1b2c64","p":"free","i":"562f973016d4b1e2de99d0cd","success":true}, err=null
[INFO]   JavaScript files need to be encrypted
[DEBUG]  Copying /Users/geraudbourdin/Documents/Mobile/Ti.SvgView-TestApp/Resources
[DEBUG]  Ignoring /Users/geraudbourdin/Documents/Mobile/Ti.SvgView-TestApp/Resources/android
[DEBUG]  Copying /Users/geraudbourdin/Documents/Mobile/Ti.SvgView-TestApp/Resources/android
[DEBUG]  Symlinking /Users/geraudbourdin/Documents/Mobile/Ti.SvgView-TestApp/Resources/android/0.svg => /Users/geraudbourdin/Documents/Mobile/Ti.SvgView-TestApp/build/android/bin/assets/Resources/0.svg
[DEBUG]  Symlinking /Users/geraudbourdin/Documents/Mobile/Ti.SvgView-TestApp/Resources/android/1.svg => /Users/geraudbourdin/Documents/Mobile/Ti.SvgView-TestApp/build/android/bin/assets/Resources/1.svg
[DEBUG]  Symlinking /Users/geraudbourdin/Documents/Mobile/Ti.SvgView-TestApp/Resources/android/10.svg => /Users/geraudbourdin/Documents/Mobile/Ti.SvgView-TestApp/build/android/bin/assets/Resources/10.svg
[DEBUG]  Symlinking /Users/geraudbourdin/Documents/Mobile/Ti.SvgView-TestApp/Resources/android/11.svg => /Users/geraudbourdin/Documents/Mobile/Ti.SvgView-TestApp/build/android/bin/assets/Resources/11.svg
[DEBUG]  Symlinking /Users/geraudbourdin/Documents/Mobile/Ti.SvgView-TestApp/Resources/android/12.svg => /Users/geraudbourdin/Documents/Mobile/Ti.SvgView-TestApp/build/android/bin/assets/Resources/12.svg
[DEBUG]  Symlinking /Users/geraudbourdin/Documents/Mobile/Ti.SvgView-TestApp/Resources/android/13.svg => /Users/geraudbourdin/Documents/Mobile/Ti.SvgView-TestApp/build/android/bin/assets/Resources/13.svg
[DEBUG]  Symlinking /Users/geraudbourdin/Documents/Mobile/Ti.SvgView-TestApp/Resources/android/14.svg => /Users/geraudbourdin/Documents/Mobile/Ti.SvgView-TestApp/build/android/bin/assets/Resources/14.svg
[DEBUG]  Symlinking /Users/geraudbourdin/Documents/Mobile/Ti.SvgView-TestApp/Resources/android/15.svg => /Users/geraudbourdin/Documents/Mobile/Ti.SvgView-TestApp/build/android/bin/assets/Resources/15.svg
[DEBUG]  Symlinking /Users/geraudbourdin/Documents/Mobile/Ti.SvgView-TestApp/Resources/android/16.svg => /Users/geraudbourdin/Documents/Mobile/Ti.SvgView-TestApp/build/android/bin/assets/Resources/16.svg
[DEBUG]  Symlinking /Users/geraudbourdin/Documents/Mobile/Ti.SvgView-TestApp/Resources/android/17.svg => /Users/geraudbourdin/Documents/Mobile/Ti.SvgView-TestApp/build/android/bin/assets/Resources/17.svg
[DEBUG]  Symlinking /Users/geraudbourdin/Documents/Mobile/Ti.SvgView-TestApp/Resources/android/18.svg => /Users/geraudbourdin/Documents/Mobile/Ti.SvgView-TestApp/build/android/bin/assets/Resources/18.svg
[DEBUG]  Symlinking /Users/geraudbourdin/Documents/Mobile/Ti.SvgView-TestApp/Resources/android/19.svg => /Users/geraudbourdin/Documents/Mobile/Ti.SvgView-TestApp/build/android/bin/assets/Resources/19.svg
[DEBUG]  Symlinking /Users/geraudbourdin/Documents/Mobile/Ti.SvgView-TestApp/Resources/android/2.svg => /Users/geraudbourdin/Documents/Mobile/Ti.SvgView-TestApp/build/android/bin/assets/Resources/2.svg
[DEBUG]  Symlinking /Users/geraudbourdin/Documents/Mobile/Ti.SvgView-TestApp/Resources/android/20.svg => /Users/geraudbourdin/Documents/Mobile/Ti.SvgView-TestApp/build/android/bin/assets/Resources/20.svg
[DEBUG]  Symlinking /Users/geraudbourdin/Documents/Mobile/Ti.SvgView-TestApp/Resources/android/3.svg => /Users/geraudbourdin/Documents/Mobile/Ti.SvgView-TestApp/build/android/bin/assets/Resources/3.svg
[DEBUG]  Symlinking /Users/geraudbourdin/Documents/Mobile/Ti.SvgView-TestApp/Resources/android/4.svg => /Users/geraudbourdin/Documents/Mobile/Ti.SvgView-TestApp/build/android/bin/assets/Resources/4.svg
[DEBUG]  Symlinking /Users/geraudbourdin/Documents/Mobile/Ti.SvgView-TestApp/Resources/android/5.svg => /Users/geraudbourdin/Documents/Mobile/Ti.SvgView-TestApp/build/android/bin/assets/Resources/5.svg
[DEBUG]  Symlinking /Users/geraudbourdin/Documents/Mobile/Ti.SvgView-TestApp/Resources/android/6.svg => /Users/geraudbourdin/Documents/Mobile/Ti.SvgView-TestApp/build/android/bin/assets/Resources/6.svg
[DEBUG]  Symlinking /Users/geraudbourdin/Documents/Mobile/Ti.SvgView-TestApp/Resources/android/7.svg => /Users/geraudbourdin/Documents/Mobile/Ti.SvgView-TestApp/build/android/bin/assets/Resources/7.svg
[DEBUG]  Symlinking /Users/geraudbourdin/Documents/Mobile/Ti.SvgView-TestApp/Resources/android/8.svg => /Users/geraudbourdin/Documents/Mobile/Ti.SvgView-TestApp/build/android/bin/assets/Resources/8.svg
[DEBUG]  Symlinking /Users/geraudbourdin/Documents/Mobile/Ti.SvgView-TestApp/Resources/android/9.svg => /Users/geraudbourdin/Documents/Mobile/Ti.SvgView-TestApp/build/android/bin/assets/Resources/9.svg
[DEBUG]  Symlinking /Users/geraudbourdin/Documents/Mobile/Ti.SvgView-TestApp/Resources/android/android.svg => /Users/geraudbourdin/Documents/Mobile/Ti.SvgView-TestApp/build/android/bin/assets/Resources/android.svg
[DEBUG]  Symlinking /Users/geraudbourdin/Documents/Mobile/Ti.SvgView-TestApp/Resources/android/appicon.png => /Users/geraudbourdin/Documents/Mobile/Ti.SvgView-TestApp/build/android/bin/assets/Resources/appicon.png
[DEBUG]  Symlinking /Users/geraudbourdin/Documents/Mobile/Ti.SvgView-TestApp/Resources/android/default.png => /Users/geraudbourdin/Documents/Mobile/Ti.SvgView-TestApp/build/android/res/drawable/background.png
[DEBUG]  Symlinking /Users/geraudbourdin/Documents/Mobile/Ti.SvgView-TestApp/Resources/android/images/res-long-land-hdpi/default.png => /Users/geraudbourdin/Documents/Mobile/Ti.SvgView-TestApp/build/android/res/drawable-long-land-hdpi/background.png
[DEBUG]  Symlinking /Users/geraudbourdin/Documents/Mobile/Ti.SvgView-TestApp/Resources/android/images/res-long-land-ldpi/default.png => /Users/geraudbourdin/Documents/Mobile/Ti.SvgView-TestApp/build/android/res/drawable-long-land-ldpi/background.png
[DEBUG]  Symlinking /Users/geraudbourdin/Documents/Mobile/Ti.SvgView-TestApp/Resources/android/images/res-long-port-hdpi/default.png => /Users/geraudbourdin/Documents/Mobile/Ti.SvgView-TestApp/build/android/res/drawable-long-port-hdpi/background.png
[DEBUG]  Symlinking /Users/geraudbourdin/Documents/Mobile/Ti.SvgView-TestApp/Resources/android/images/res-long-port-ldpi/default.png => /Users/geraudbourdin/Documents/Mobile/Ti.SvgView-TestApp/build/android/res/drawable-long-port-ldpi/background.png
[DEBUG]  Symlinking /Users/geraudbourdin/Documents/Mobile/Ti.SvgView-TestApp/Resources/android/images/res-notlong-land-hdpi/default.png => /Users/geraudbourdin/Documents/Mobile/Ti.SvgView-TestApp/build/android/res/drawable-notlong-land-hdpi/background.png
[DEBUG]  Symlinking /Users/geraudbourdin/Documents/Mobile/Ti.SvgView-TestApp/Resources/android/images/res-notlong-land-ldpi/default.png => /Users/geraudbourdin/Documents/Mobile/Ti.SvgView-TestApp/build/android/res/drawable-notlong-land-ldpi/background.png
[DEBUG]  Symlinking /Users/geraudbourdin/Documents/Mobile/Ti.SvgView-TestApp/Resources/android/images/res-notlong-land-mdpi/default.png => /Users/geraudbourdin/Documents/Mobile/Ti.SvgView-TestApp/build/android/res/drawable-notlong-land-mdpi/background.png
[DEBUG]  Symlinking /Users/geraudbourdin/Documents/Mobile/Ti.SvgView-TestApp/Resources/android/images/res-notlong-port-hdpi/default.png => /Users/geraudbourdin/Documents/Mobile/Ti.SvgView-TestApp/build/android/res/drawable-notlong-port-hdpi/background.png
[DEBUG]  Symlinking /Users/geraudbourdin/Documents/Mobile/Ti.SvgView-TestApp/Resources/android/images/res-notlong-port-ldpi/default.png => /Users/geraudbourdin/Documents/Mobile/Ti.SvgView-TestApp/build/android/res/drawable-notlong-port-ldpi/background.png
[DEBUG]  Symlinking /Users/geraudbourdin/Documents/Mobile/Ti.SvgView-TestApp/Resources/android/images/res-notlong-port-mdpi/default.png => /Users/geraudbourdin/Documents/Mobile/Ti.SvgView-TestApp/build/android/res/drawable-notlong-port-mdpi/background.png
[DEBUG]  Symlinking /Users/geraudbourdin/Documents/Mobile/Ti.SvgView-TestApp/Resources/android/pieChart.svg => /Users/geraudbourdin/Documents/Mobile/Ti.SvgView-TestApp/build/android/bin/assets/Resources/pieChart.svg
[DEBUG]  Symlinking /Users/geraudbourdin/Documents/Mobile/Ti.SvgView-TestApp/platform/android/res/drawable-hdpi/appicon.png => /Users/geraudbourdin/Documents/Mobile/Ti.SvgView-TestApp/build/android/res/drawable-hdpi/appicon.png
[DEBUG]  Symlinking /Users/geraudbourdin/Documents/Mobile/Ti.SvgView-TestApp/platform/android/res/drawable-ldpi/appicon.png => /Users/geraudbourdin/Documents/Mobile/Ti.SvgView-TestApp/build/android/res/drawable-ldpi/appicon.png
[DEBUG]  Symlinking /Users/geraudbourdin/Documents/Mobile/Ti.SvgView-TestApp/platform/android/res/drawable-mdpi/appicon.png => /Users/geraudbourdin/Documents/Mobile/Ti.SvgView-TestApp/build/android/res/drawable-mdpi/appicon.png
[DEBUG]  Symlinking /Users/geraudbourdin/Documents/Mobile/Ti.SvgView-TestApp/platform/android/res/drawable-xhdpi/appicon.png => /Users/geraudbourdin/Documents/Mobile/Ti.SvgView-TestApp/build/android/res/drawable-xhdpi/appicon.png
[DEBUG]  Symlinking /Users/geraudbourdin/Documents/Mobile/Ti.SvgView-TestApp/platform/android/res/drawable-xxhdpi/appicon.png => /Users/geraudbourdin/Documents/Mobile/Ti.SvgView-TestApp/build/android/res/drawable-xxhdpi/appicon.png
[DEBUG]  Symlinking /Users/geraudbourdin/Documents/Mobile/Ti.SvgView-TestApp/platform/android/res/drawable-xxxhdpi/appicon.png => /Users/geraudbourdin/Documents/Mobile/Ti.SvgView-TestApp/build/android/res/drawable-xxxhdpi/appicon.png
[DEBUG]  Symlinking /Users/geraudbourdin/Documents/Mobile/Ti.SvgView-TestApp/build/android/bin/assets/Resources/appicon.png => /Users/geraudbourdin/Documents/Mobile/Ti.SvgView-TestApp/build/android/res/drawable/appicon.png
[INFO]   Processing JavaScript files
[DEBUG]  Copying and minifying /Users/geraudbourdin/Documents/Mobile/Ti.SvgView-TestApp/Resources/android/alloy/CFG.js => /Users/geraudbourdin/Documents/Mobile/Ti.SvgView-TestApp/build/android/assets/alloy/CFG.js
[DEBUG]  Copying and minifying /Users/geraudbourdin/Documents/Mobile/Ti.SvgView-TestApp/Resources/android/app.js => /Users/geraudbourdin/Documents/Mobile/Ti.SvgView-TestApp/build/android/assets/app.js
[DEBUG]  Copying and minifying /Users/geraudbourdin/Documents/Mobile/Ti.SvgView-TestApp/Resources/android/alloy/backbone.js => /Users/geraudbourdin/Documents/Mobile/Ti.SvgView-TestApp/build/android/assets/alloy/backbone.js
[DEBUG]  Copying and minifying /Users/geraudbourdin/Documents/Mobile/Ti.SvgView-TestApp/Resources/android/alloy/constants.js => /Users/geraudbourdin/Documents/Mobile/Ti.SvgView-TestApp/build/android/assets/alloy/constants.js
[DEBUG]  Copying and minifying /Users/geraudbourdin/Documents/Mobile/Ti.SvgView-TestApp/Resources/android/alloy/controllers/BaseController.js => /Users/geraudbourdin/Documents/Mobile/Ti.SvgView-TestApp/build/android/assets/alloy/controllers/BaseController.js
[DEBUG]  Copying and minifying /Users/geraudbourdin/Documents/Mobile/Ti.SvgView-TestApp/Resources/android/alloy/controllers/index.js => /Users/geraudbourdin/Documents/Mobile/Ti.SvgView-TestApp/build/android/assets/alloy/controllers/index.js
[DEBUG]  Copying and minifying /Users/geraudbourdin/Documents/Mobile/Ti.SvgView-TestApp/Resources/android/alloy/controllers/listView.js => /Users/geraudbourdin/Documents/Mobile/Ti.SvgView-TestApp/build/android/assets/alloy/controllers/listView.js
[DEBUG]  Copying and minifying /Users/geraudbourdin/Documents/Mobile/Ti.SvgView-TestApp/Resources/android/alloy/styles/index.js => /Users/geraudbourdin/Documents/Mobile/Ti.SvgView-TestApp/build/android/assets/alloy/styles/index.js
[DEBUG]  Copying and minifying /Users/geraudbourdin/Documents/Mobile/Ti.SvgView-TestApp/Resources/android/alloy/styles/listView.js => /Users/geraudbourdin/Documents/Mobile/Ti.SvgView-TestApp/build/android/assets/alloy/styles/listView.js
[DEBUG]  Copying and minifying /Users/geraudbourdin/Documents/Mobile/Ti.SvgView-TestApp/Resources/android/alloy/sync/localStorage.js => /Users/geraudbourdin/Documents/Mobile/Ti.SvgView-TestApp/build/android/assets/alloy/sync/localStorage.js
[DEBUG]  Copying and minifying /Users/geraudbourdin/Documents/Mobile/Ti.SvgView-TestApp/Resources/android/alloy/sync/properties.js => /Users/geraudbourdin/Documents/Mobile/Ti.SvgView-TestApp/build/android/assets/alloy/sync/properties.js
[DEBUG]  Copying and minifying /Users/geraudbourdin/Documents/Mobile/Ti.SvgView-TestApp/Resources/android/alloy/sync/sql.js => /Users/geraudbourdin/Documents/Mobile/Ti.SvgView-TestApp/build/android/assets/alloy/sync/sql.js
[DEBUG]  Copying and minifying /Users/geraudbourdin/Documents/Mobile/Ti.SvgView-TestApp/Resources/android/alloy/underscore.js => /Users/geraudbourdin/Documents/Mobile/Ti.SvgView-TestApp/build/android/assets/alloy/underscore.js
[DEBUG]  Copying and minifying /Users/geraudbourdin/Documents/Mobile/Ti.SvgView-TestApp/Resources/android/alloy/widget.js => /Users/geraudbourdin/Documents/Mobile/Ti.SvgView-TestApp/build/android/assets/alloy/widget.js
[DEBUG]  Copying and minifying /Users/geraudbourdin/Documents/Mobile/Ti.SvgView-TestApp/Resources/android/alloy.js => /Users/geraudbourdin/Documents/Mobile/Ti.SvgView-TestApp/build/android/assets/alloy.js
[DEBUG]  Copying and minifying /Users/geraudbourdin/Documents/Mobile/Ti.SvgView-TestApp/Resources/android/uiModules.js => /Users/geraudbourdin/Documents/Mobile/Ti.SvgView-TestApp/build/android/assets/uiModules.js
[INFO]   Encrypting JavaScript files: /Users/geraudbourdin/Library/Application Support/Titanium/mobilesdk/osx/5.0.2.GA/android/titanium_prep.macos "com.geraudbourdin.svgview.test" "/Users/geraudbourdin/Documents/Mobile/Ti.SvgView-TestApp/build/android/assets" "alloy/CFG.js" "app.js" "alloy/backbone.js" "alloy/constants.js" "alloy/controllers/BaseController.js" "alloy/controllers/index.js" "alloy/controllers/listView.js" "alloy/styles/index.js" "alloy/styles/listView.js" "alloy/sync/localStorage.js" "alloy/sync/properties.js" "alloy/sync/sql.js" "alloy/underscore.js" "alloy/widget.js" "alloy.js" "uiModules.js" "_app_props_.json"
[DEBUG]  Adding library /Users/geraudbourdin/Library/Application Support/Titanium/mobilesdk/osx/5.0.2.GA/android/kroll-v8.jar
[DEBUG]  Adding library /Users/geraudbourdin/Library/Application Support/Titanium/mobilesdk/osx/5.0.2.GA/android/modules/titanium-analytics.jar
[DEBUG]  Adding dependency library /Users/geraudbourdin/Library/Application Support/Titanium/mobilesdk/osx/5.0.2.GA/android/aps-analytics.jar
[DEBUG]  Adding library /Users/geraudbourdin/Library/Application Support/Titanium/mobilesdk/osx/5.0.2.GA/android/modules/titanium-android.jar
[DEBUG]  Adding dependency library /Users/geraudbourdin/Library/Application Support/Titanium/mobilesdk/osx/5.0.2.GA/android/jaxen-1.1.1.jar
[DEBUG]  Adding dependency library /Users/geraudbourdin/Library/Application Support/Titanium/mobilesdk/osx/5.0.2.GA/android/ti-commons-codec-1.3.jar
[DEBUG]  Adding dependency library /Users/geraudbourdin/Library/Application Support/Titanium/mobilesdk/osx/5.0.2.GA/android/kroll-common.jar
[DEBUG]  Adding dependency library /Users/geraudbourdin/Library/Application Support/Titanium/mobilesdk/osx/5.0.2.GA/android/titanium.jar
[DEBUG]  Adding library /Users/geraudbourdin/Library/Application Support/Titanium/mobilesdk/osx/5.0.2.GA/android/modules/titanium-app.jar
[DEBUG]  Adding library /Users/geraudbourdin/Library/Application Support/Titanium/mobilesdk/osx/5.0.2.GA/android/modules/titanium-ui.jar
[DEBUG]  Adding dependency library /Users/geraudbourdin/Library/Application Support/Titanium/mobilesdk/osx/5.0.2.GA/android/nineoldandroids-appc-2.4.0.jar
[DEBUG]  Adding library /Users/geraudbourdin/Library/Application Support/Titanium/mobilesdk/osx/5.0.2.GA/android/modules/titanium-filesystem.jar
[DEBUG]  Adding library /Users/geraudbourdin/Library/Application Support/Titanium/mobilesdk/osx/5.0.2.GA/android/modules/titanium-media.jar
[DEBUG]  Adding library /Users/geraudbourdin/Library/Application Support/Titanium/mobilesdk/osx/5.0.2.GA/android/modules/titanium-appcompat.jar
[DEBUG]  Adding dependency library /Users/geraudbourdin/Library/Application Support/Titanium/mobilesdk/osx/5.0.2.GA/android/android-support-v4.jar
[DEBUG]  Adding dependency library /Users/geraudbourdin/Library/Application Support/Titanium/mobilesdk/osx/5.0.2.GA/android/android-support-v7-appcompat.jar
[DEBUG]  Adding library /Users/geraudbourdin/Library/Application Support/Titanium/mobilesdk/osx/5.0.2.GA/android/modules/titanium-locale.jar
[DEBUG]  Adding library /Users/geraudbourdin/Library/Application Support/Titanium/mobilesdk/osx/5.0.2.GA/android/modules/titanium-network.jar
[DEBUG]  Adding library /Users/geraudbourdin/Library/Application Support/Titanium/mobilesdk/osx/5.0.2.GA/android/modules/titanium-xml.jar
[DEBUG]  Adding library /Users/geraudbourdin/Library/Application Support/Titanium/mobilesdk/osx/5.0.2.GA/android/modules/titanium-platform.jar
[DEBUG]  Unknown namespace api, skipping
[DEBUG]  Adding library /Users/geraudbourdin/Library/Application Support/Titanium/mobilesdk/osx/5.0.2.GA/android/modules/titanium-database.jar
[DEBUG]  Unknown namespace platform.displaycaps, skipping
[INFO]   Writing /Users/geraudbourdin/Documents/Mobile/Ti.SvgView-TestApp/build/android/bin/assets/app.json
[INFO]   Extracting module resources: /Users/geraudbourdin/Library/Application Support/Titanium/mobilesdk/osx/5.0.2.GA/android/modules/titanium-analytics.res.zip
[DEBUG]  Copying /var/folders/hc/y3phd41x03l038pl1l5tczkc0000gn/T/115927-15923-106sual/res/values/strings.xml => /Users/geraudbourdin/Documents/Mobile/Ti.SvgView-TestApp/build/android/res/values/strings.xml
[INFO]   Extracting module resources: /Users/geraudbourdin/Library/Application Support/Titanium/mobilesdk/osx/5.0.2.GA/android/modules/titanium-android.res.zip
[DEBUG]  Merging /var/folders/hc/y3phd41x03l038pl1l5tczkc0000gn/T/115927-15923-gvfr84/res/values/strings.xml => /Users/geraudbourdin/Documents/Mobile/Ti.SvgView-TestApp/build/android/res/values/strings.xml
[INFO]   Extracting module resources: /Users/geraudbourdin/Library/Application Support/Titanium/mobilesdk/osx/5.0.2.GA/android/modules/titanium-app.res.zip
[DEBUG]  Merging /var/folders/hc/y3phd41x03l038pl1l5tczkc0000gn/T/115927-15923-1rmwgxm/res/values/strings.xml => /Users/geraudbourdin/Documents/Mobile/Ti.SvgView-TestApp/build/android/res/values/strings.xml
[INFO]   Extracting module resources: /Users/geraudbourdin/Library/Application Support/Titanium/mobilesdk/osx/5.0.2.GA/android/modules/titanium-filesystem.res.zip
[DEBUG]  Merging /var/folders/hc/y3phd41x03l038pl1l5tczkc0000gn/T/115927-15923-1s073lm/res/values/strings.xml => /Users/geraudbourdin/Documents/Mobile/Ti.SvgView-TestApp/build/android/res/values/strings.xml
[INFO]   Extracting module resources: /Users/geraudbourdin/Library/Application Support/Titanium/mobilesdk/osx/5.0.2.GA/android/modules/titanium-media.res.zip
[DEBUG]  Merging /var/folders/hc/y3phd41x03l038pl1l5tczkc0000gn/T/115927-15923-171g7q3/res/values/strings.xml => /Users/geraudbourdin/Documents/Mobile/Ti.SvgView-TestApp/build/android/res/values/strings.xml
[INFO]   Extracting module resources: /Users/geraudbourdin/Library/Application Support/Titanium/mobilesdk/osx/5.0.2.GA/android/modules/titanium-locale.res.zip
[DEBUG]  Merging /var/folders/hc/y3phd41x03l038pl1l5tczkc0000gn/T/115927-15923-1j6859j/res/values/strings.xml => /Users/geraudbourdin/Documents/Mobile/Ti.SvgView-TestApp/build/android/res/values/strings.xml
[INFO]   Extracting module resources: /Users/geraudbourdin/Library/Application Support/Titanium/mobilesdk/osx/5.0.2.GA/android/modules/titanium-network.res.zip
[DEBUG]  Merging /var/folders/hc/y3phd41x03l038pl1l5tczkc0000gn/T/115927-15923-hrmny4/res/values/strings.xml => /Users/geraudbourdin/Documents/Mobile/Ti.SvgView-TestApp/build/android/res/values/strings.xml
[INFO]   Extracting module resources: /Users/geraudbourdin/Library/Application Support/Titanium/mobilesdk/osx/5.0.2.GA/android/modules/titanium-xml.res.zip
[DEBUG]  Merging /var/folders/hc/y3phd41x03l038pl1l5tczkc0000gn/T/115927-15923-1r6lq9y/res/values/strings.xml => /Users/geraudbourdin/Documents/Mobile/Ti.SvgView-TestApp/build/android/res/values/strings.xml
[INFO]   Extracting module resources: /Users/geraudbourdin/Library/Application Support/Titanium/mobilesdk/osx/5.0.2.GA/android/modules/titanium-platform.res.zip
[DEBUG]  Merging /var/folders/hc/y3phd41x03l038pl1l5tczkc0000gn/T/115927-15923-kcq5pe/res/values/strings.xml => /Users/geraudbourdin/Documents/Mobile/Ti.SvgView-TestApp/build/android/res/values/strings.xml
[INFO]   Extracting module resources: /Users/geraudbourdin/Library/Application Support/Titanium/mobilesdk/osx/5.0.2.GA/android/modules/titanium-database.res.zip
[DEBUG]  Merging /var/folders/hc/y3phd41x03l038pl1l5tczkc0000gn/T/115927-15923-dtx9zk/res/values/strings.xml => /Users/geraudbourdin/Documents/Mobile/Ti.SvgView-TestApp/build/android/res/values/strings.xml
[DEBUG]  Copying template /Users/geraudbourdin/Library/Application Support/Titanium/mobilesdk/osx/5.0.2.GA/android/templates/build/AppInfo.java => /Users/geraudbourdin/Documents/Mobile/Ti.SvgView-TestApp/build/android/gen/com/geraudbourdin/svgview/test/SvgviewTestappAppInfo.java
[DEBUG]  Copying template /Users/geraudbourdin/Library/Application Support/Titanium/mobilesdk/osx/5.0.2.GA/android/templates/build/App.java => /Users/geraudbourdin/Documents/Mobile/Ti.SvgView-TestApp/build/android/gen/com/geraudbourdin/svgview/test/SvgviewTestappApplication.java
[DEBUG]  Copying template /Users/geraudbourdin/Library/Application Support/Titanium/mobilesdk/osx/5.0.2.GA/android/templates/build/Activity.java => /Users/geraudbourdin/Documents/Mobile/Ti.SvgView-TestApp/build/android/gen/com/geraudbourdin/svgview/test/SvgviewTestappActivity.java
[DEBUG]  Copying template /Users/geraudbourdin/Library/Application Support/Titanium/mobilesdk/osx/5.0.2.GA/android/templates/build/project => /Users/geraudbourdin/Documents/Mobile/Ti.SvgView-TestApp/build/android/.project
[DEBUG]  Copying template /Users/geraudbourdin/Library/Application Support/Titanium/mobilesdk/osx/5.0.2.GA/android/templates/build/default.properties => /Users/geraudbourdin/Documents/Mobile/Ti.SvgView-TestApp/build/android/default.properties
[DEBUG]  Copying /Users/geraudbourdin/Library/Application Support/Titanium/mobilesdk/osx/5.0.2.GA/android/templates/build/gitignore => /Users/geraudbourdin/Documents/Mobile/Ti.SvgView-TestApp/build/android/.gitignore
[DEBUG]  Copying /Users/geraudbourdin/Library/Application Support/Titanium/mobilesdk/osx/5.0.2.GA/android/templates/build/classpath => /Users/geraudbourdin/Documents/Mobile/Ti.SvgView-TestApp/build/android/.classpath
[INFO]   No aidl files to compile, continuing
[INFO]   Generating i18n files
[DEBUG]  Merging en strings => /Users/geraudbourdin/Documents/Mobile/Ti.SvgView-TestApp/build/android/res/values/strings.xml
[INFO]   Generating /Users/geraudbourdin/Documents/Mobile/Ti.SvgView-TestApp/build/android/res/values/theme.xml
[INFO]   Packaging application: /Users/geraudbourdin/Library/android-sdk-macosx/build-tools/23.0.1/aapt "package" "-f" "-m" "-J" "/Users/geraudbourdin/Documents/Mobile/Ti.SvgView-TestApp/build/android/gen" "-M" "/Users/geraudbourdin/Documents/Mobile/Ti.SvgView-TestApp/build/android/AndroidManifest.xml" "-A" "/Users/geraudbourdin/Documents/Mobile/Ti.SvgView-TestApp/build/android/bin/assets" "-S" "/Users/geraudbourdin/Documents/Mobile/Ti.SvgView-TestApp/build/android/res" "-I" "/Users/geraudbourdin/Library/android-sdk-macosx/platforms/android-23/android.jar" "-F" "/Users/geraudbourdin/Documents/Mobile/Ti.SvgView-TestApp/build/android/bin/app.ap_" "--auto-add-overlay" "--extra-packages" "ti.modules.titanium.ui:android.support.v7.appcompat" "-S" "/var/folders/hc/y3phd41x03l038pl1l5tczkc0000gn/T/115927-15923-hecg9z/res" "-S" "/var/folders/hc/y3phd41x03l038pl1l5tczkc0000gn/T/115927-15923-1rt11bq/res"
[INFO]   Building Java source files: /Library/Java/JavaVirtualMachines/jdk1.8.0_60.jdk/Contents/Home/bin/javac "-J-Xmx256M" "-encoding" "utf8" "-bootclasspath" "/Users/geraudbourdin/Library/android-sdk-macosx/platforms/android-23/android.jar:/Users/geraudbourdin/Library/Application Support/Titanium/mobilesdk/osx/5.0.2.GA/android/kroll-v8.jar:/Users/geraudbourdin/Library/Application Support/Titanium/mobilesdk/osx/5.0.2.GA/android/modules/titanium-analytics.jar:/Users/geraudbourdin/Library/Application Support/Titanium/mobilesdk/osx/5.0.2.GA/android/aps-analytics.jar:/Users/geraudbourdin/Library/Application Support/Titanium/mobilesdk/osx/5.0.2.GA/android/modules/titanium-android.jar:/Users/geraudbourdin/Library/Application Support/Titanium/mobilesdk/osx/5.0.2.GA/android/jaxen-1.1.1.jar:/Users/geraudbourdin/Library/Application Support/Titanium/mobilesdk/osx/5.0.2.GA/android/ti-commons-codec-1.3.jar:/Users/geraudbourdin/Library/Application Support/Titanium/mobilesdk/osx/5.0.2.GA/android/kroll-common.jar:/Users/geraudbourdin/Library/Application Support/Titanium/mobilesdk/osx/5.0.2.GA/android/titanium.jar:/Users/geraudbourdin/Library/Application Support/Titanium/mobilesdk/osx/5.0.2.GA/android/modules/titanium-app.jar:/Users/geraudbourdin/Library/Application Support/Titanium/mobilesdk/osx/5.0.2.GA/android/modules/titanium-ui.jar:/Users/geraudbourdin/Library/Application Support/Titanium/mobilesdk/osx/5.0.2.GA/android/nineoldandroids-appc-2.4.0.jar:/Users/geraudbourdin/Library/Application Support/Titanium/mobilesdk/osx/5.0.2.GA/android/modules/titanium-filesystem.jar:/Users/geraudbourdin/Library/Application Support/Titanium/mobilesdk/osx/5.0.2.GA/android/modules/titanium-media.jar:/Users/geraudbourdin/Library/Application Support/Titanium/mobilesdk/osx/5.0.2.GA/android/modules/titanium-appcompat.jar:/Users/geraudbourdin/Library/Application Support/Titanium/mobilesdk/osx/5.0.2.GA/android/android-support-v4.jar:/Users/geraudbourdin/Library/Application Support/Titanium/mobilesdk/osx/5.0.2.GA/android/android-support-v7-appcompat.jar:/Users/geraudbourdin/Library/Application Support/Titanium/mobilesdk/osx/5.0.2.GA/android/modules/titanium-locale.jar:/Users/geraudbourdin/Library/Application Support/Titanium/mobilesdk/osx/5.0.2.GA/android/modules/titanium-network.jar:/Users/geraudbourdin/Library/Application Support/Titanium/mobilesdk/osx/5.0.2.GA/android/modules/titanium-xml.jar:/Users/geraudbourdin/Library/Application Support/Titanium/mobilesdk/osx/5.0.2.GA/android/modules/titanium-platform.jar:/Users/geraudbourdin/Library/Application Support/Titanium/mobilesdk/osx/5.0.2.GA/android/modules/titanium-database.jar:/Users/geraudbourdin/Documents/Mobile/Ti.SvgView-TestApp/modules/android/com.geraudbourdin.svgview/1.0.1/svgview.jar:/Users/geraudbourdin/Documents/Mobile/Ti.SvgView-TestApp/modules/android/com.geraudbourdin.svgview/1.0.1/lib/androidsvg-1.2.1.jar:/Users/geraudbourdin/Library/Application Support/Titanium/mobilesdk/osx/5.0.2.GA/android/kroll-apt.jar:/Users/geraudbourdin/Library/Application Support/Titanium/mobilesdk/osx/5.0.2.GA/android/lib/titanium-verify.jar:R.class:AssetCryptImpl.class:SvgviewTestappActivity.class:SvgviewTestappAppInfo.class:SvgviewTestappApplication.class" "-d" "/Users/geraudbourdin/Documents/Mobile/Ti.SvgView-TestApp/build/android/bin/classes" "-proc:none" "-target" "1.6" "-source" "1.6" "@/Users/geraudbourdin/Documents/Mobile/Ti.SvgView-TestApp/build/android/java-sources.txt"
[INFO]   Running dexer: /Library/Java/JavaVirtualMachines/jdk1.8.0_60.jdk/Contents/Home/bin/java "-Xmx1024M" "-XX:-UseGCOverheadLimit" "-Djava.ext.dirs=/Users/geraudbourdin/Library/android-sdk-macosx/platform-tools" "-jar" "/Users/geraudbourdin/Library/android-sdk-macosx/build-tools/23.0.1/lib/dx.jar" "--dex" "--output=/Users/geraudbourdin/Documents/Mobile/Ti.SvgView-TestApp/build/android/bin/classes.dex" "/Users/geraudbourdin/Documents/Mobile/Ti.SvgView-TestApp/build/android/bin/classes" "/Users/geraudbourdin/Library/Application Support/Titanium/mobilesdk/osx/5.0.2.GA/android/lib/titanium-verify.jar" "/Users/geraudbourdin/Documents/Mobile/Ti.SvgView-TestApp/modules/android/com.geraudbourdin.svgview/1.0.1/svgview.jar" "/Users/geraudbourdin/Documents/Mobile/Ti.SvgView-TestApp/modules/android/com.geraudbourdin.svgview/1.0.1/lib/androidsvg-1.2.1.jar" "/Users/geraudbourdin/Library/Application Support/Titanium/mobilesdk/osx/5.0.2.GA/android/kroll-v8.jar" "/Users/geraudbourdin/Library/Application Support/Titanium/mobilesdk/osx/5.0.2.GA/android/modules/titanium-analytics.jar" "/Users/geraudbourdin/Library/Application Support/Titanium/mobilesdk/osx/5.0.2.GA/android/aps-analytics.jar" "/Users/geraudbourdin/Library/Application Support/Titanium/mobilesdk/osx/5.0.2.GA/android/modules/titanium-android.jar" "/Users/geraudbourdin/Library/Application Support/Titanium/mobilesdk/osx/5.0.2.GA/android/jaxen-1.1.1.jar" "/Users/geraudbourdin/Library/Application Support/Titanium/mobilesdk/osx/5.0.2.GA/android/ti-commons-codec-1.3.jar" "/Users/geraudbourdin/Library/Application Support/Titanium/mobilesdk/osx/5.0.2.GA/android/kroll-common.jar" "/Users/geraudbourdin/Library/Application Support/Titanium/mobilesdk/osx/5.0.2.GA/android/titanium.jar" "/Users/geraudbourdin/Library/Application Support/Titanium/mobilesdk/osx/5.0.2.GA/android/modules/titanium-app.jar" "/Users/geraudbourdin/Library/Application Support/Titanium/mobilesdk/osx/5.0.2.GA/android/modules/titanium-ui.jar" "/Users/geraudbourdin/Library/Application Support/Titanium/mobilesdk/osx/5.0.2.GA/android/nineoldandroids-appc-2.4.0.jar" "/Users/geraudbourdin/Library/Application Support/Titanium/mobilesdk/osx/5.0.2.GA/android/modules/titanium-filesystem.jar" "/Users/geraudbourdin/Library/Application Support/Titanium/mobilesdk/osx/5.0.2.GA/android/modules/titanium-media.jar" "/Users/geraudbourdin/Library/Application Support/Titanium/mobilesdk/osx/5.0.2.GA/android/modules/titanium-appcompat.jar" "/Users/geraudbourdin/Library/Application Support/Titanium/mobilesdk/osx/5.0.2.GA/android/android-support-v4.jar" "/Users/geraudbourdin/Library/Application Support/Titanium/mobilesdk/osx/5.0.2.GA/android/android-support-v7-appcompat.jar" "/Users/geraudbourdin/Library/Application Support/Titanium/mobilesdk/osx/5.0.2.GA/android/modules/titanium-locale.jar" "/Users/geraudbourdin/Library/Application Support/Titanium/mobilesdk/osx/5.0.2.GA/android/modules/titanium-network.jar" "/Users/geraudbourdin/Library/Application Support/Titanium/mobilesdk/osx/5.0.2.GA/android/modules/titanium-xml.jar" "/Users/geraudbourdin/Library/Application Support/Titanium/mobilesdk/osx/5.0.2.GA/android/modules/titanium-platform.jar" "/Users/geraudbourdin/Library/Application Support/Titanium/mobilesdk/osx/5.0.2.GA/android/modules/titanium-database.jar"
[INFO]   Creating unsigned apk
[DEBUG]  Processing /Users/geraudbourdin/Documents/Mobile/Ti.SvgView-TestApp/build/android/bin/app.ap_
[DEBUG]  Deflating AndroidManifest.xml
[DEBUG]  Deflating assets/Resources/0.svg
[DEBUG]  Deflating assets/Resources/1.svg
[DEBUG]  Deflating assets/Resources/10.svg
[DEBUG]  Deflating assets/Resources/11.svg
[DEBUG]  Deflating assets/Resources/12.svg
[DEBUG]  Deflating assets/Resources/13.svg
[DEBUG]  Deflating assets/Resources/14.svg
[DEBUG]  Deflating assets/Resources/15.svg
[DEBUG]  Deflating assets/Resources/16.svg
[DEBUG]  Deflating assets/Resources/17.svg
[DEBUG]  Deflating assets/Resources/18.svg
[DEBUG]  Deflating assets/Resources/19.svg
[DEBUG]  Deflating assets/Resources/2.svg
[DEBUG]  Deflating assets/Resources/20.svg
[DEBUG]  Deflating assets/Resources/3.svg
[DEBUG]  Deflating assets/Resources/4.svg
[DEBUG]  Deflating assets/Resources/5.svg
[DEBUG]  Deflating assets/Resources/6.svg
[DEBUG]  Deflating assets/Resources/7.svg
[DEBUG]  Deflating assets/Resources/8.svg
[DEBUG]  Deflating assets/Resources/9.svg
[DEBUG]  Deflating assets/Resources/android.svg
[DEBUG]  Adding assets/Resources/appicon.png
[DEBUG]  Deflating assets/Resources/pieChart.svg
[DEBUG]  Deflating assets/app.json
[DEBUG]  Deflating assets/index.json
[DEBUG]  Deflating res/anim/abc_fade_in.xml
[DEBUG]  Deflating res/anim/abc_fade_out.xml
[DEBUG]  Deflating res/anim/abc_grow_fade_in_from_bottom.xml
[DEBUG]  Deflating res/anim/abc_popup_enter.xml
[DEBUG]  Deflating res/anim/abc_popup_exit.xml
[DEBUG]  Deflating res/anim/abc_shrink_fade_out_from_bottom.xml
[DEBUG]  Deflating res/anim/abc_slide_in_bottom.xml
[DEBUG]  Deflating res/anim/abc_slide_in_top.xml
[DEBUG]  Deflating res/anim/abc_slide_out_bottom.xml
[DEBUG]  Deflating res/anim/abc_slide_out_top.xml
[DEBUG]  Deflating res/color-v11/abc_background_cache_hint_selector_material_dark.xml
[DEBUG]  Deflating res/color-v11/abc_background_cache_hint_selector_material_light.xml
[DEBUG]  Deflating res/color/abc_background_cache_hint_selector_material_dark.xml
[DEBUG]  Deflating res/color/abc_background_cache_hint_selector_material_light.xml
[DEBUG]  Deflating res/color/abc_primary_text_disable_only_material_dark.xml
[DEBUG]  Deflating res/color/abc_primary_text_disable_only_material_light.xml
[DEBUG]  Deflating res/color/abc_primary_text_material_dark.xml
[DEBUG]  Deflating res/color/abc_primary_text_material_light.xml
[DEBUG]  Deflating res/color/abc_search_url_text.xml
[DEBUG]  Deflating res/color/abc_secondary_text_material_dark.xml
[DEBUG]  Deflating res/color/abc_secondary_text_material_light.xml
[DEBUG]  Deflating res/color/switch_thumb_material_dark.xml
[DEBUG]  Deflating res/color/switch_thumb_material_light.xml
[DEBUG]  Adding res/drawable-hdpi-v4/abc_ab_share_pack_mtrl_alpha.9.png
[DEBUG]  Adding res/drawable-hdpi-v4/abc_btn_check_to_on_mtrl_000.png
[DEBUG]  Adding res/drawable-hdpi-v4/abc_btn_check_to_on_mtrl_015.png
[DEBUG]  Adding res/drawable-hdpi-v4/abc_btn_radio_to_on_mtrl_000.png
[DEBUG]  Adding res/drawable-hdpi-v4/abc_btn_radio_to_on_mtrl_015.png
[DEBUG]  Adding res/drawable-hdpi-v4/abc_btn_rating_star_off_mtrl_alpha.png
[DEBUG]  Adding res/drawable-hdpi-v4/abc_btn_rating_star_on_mtrl_alpha.png
[DEBUG]  Adding res/drawable-hdpi-v4/abc_btn_switch_to_on_mtrl_00001.9.png
[DEBUG]  Adding res/drawable-hdpi-v4/abc_btn_switch_to_on_mtrl_00012.9.png
[DEBUG]  Adding res/drawable-hdpi-v4/abc_cab_background_top_mtrl_alpha.9.png
[DEBUG]  Adding res/drawable-hdpi-v4/abc_ic_ab_back_mtrl_am_alpha.png
[DEBUG]  Adding res/drawable-hdpi-v4/abc_ic_clear_mtrl_alpha.png
[DEBUG]  Adding res/drawable-hdpi-v4/abc_ic_commit_search_api_mtrl_alpha.png
[DEBUG]  Adding res/drawable-hdpi-v4/abc_ic_go_search_api_mtrl_alpha.png
[DEBUG]  Adding res/drawable-hdpi-v4/abc_ic_menu_copy_mtrl_am_alpha.png
[DEBUG]  Adding res/drawable-hdpi-v4/abc_ic_menu_cut_mtrl_alpha.png
[DEBUG]  Adding res/drawable-hdpi-v4/abc_ic_menu_moreoverflow_mtrl_alpha.png
[DEBUG]  Adding res/drawable-hdpi-v4/abc_ic_menu_paste_mtrl_am_alpha.png
[DEBUG]  Adding res/drawable-hdpi-v4/abc_ic_menu_selectall_mtrl_alpha.png
[DEBUG]  Adding res/drawable-hdpi-v4/abc_ic_menu_share_mtrl_alpha.png
[DEBUG]  Adding res/drawable-hdpi-v4/abc_ic_search_api_mtrl_alpha.png
[DEBUG]  Adding res/drawable-hdpi-v4/abc_ic_voice_search_api_mtrl_alpha.png
[DEBUG]  Adding res/drawable-hdpi-v4/abc_list_divider_mtrl_alpha.9.png
[DEBUG]  Adding res/drawable-hdpi-v4/abc_list_focused_holo.9.png
[DEBUG]  Adding res/drawable-hdpi-v4/abc_list_longpressed_holo.9.png
[DEBUG]  Adding res/drawable-hdpi-v4/abc_list_pressed_holo_dark.9.png
[DEBUG]  Adding res/drawable-hdpi-v4/abc_list_pressed_holo_light.9.png
[DEBUG]  Adding res/drawable-hdpi-v4/abc_list_selector_disabled_holo_dark.9.png
[DEBUG]  Adding res/drawable-hdpi-v4/abc_list_selector_disabled_holo_light.9.png
[DEBUG]  Adding res/drawable-hdpi-v4/abc_menu_hardkey_panel_mtrl_mult.9.png
[DEBUG]  Adding res/drawable-hdpi-v4/abc_popup_background_mtrl_mult.9.png
[DEBUG]  Adding res/drawable-hdpi-v4/abc_spinner_mtrl_am_alpha.9.png
[DEBUG]  Adding res/drawable-hdpi-v4/abc_switch_track_mtrl_alpha.9.png
[DEBUG]  Adding res/drawable-hdpi-v4/abc_tab_indicator_mtrl_alpha.9.png
[DEBUG]  Adding res/drawable-hdpi-v4/abc_text_cursor_mtrl_alpha.9.png
[DEBUG]  Adding res/drawable-hdpi-v4/abc_textfield_activated_mtrl_alpha.9.png
[DEBUG]  Adding res/drawable-hdpi-v4/abc_textfield_default_mtrl_alpha.9.png
[DEBUG]  Adding res/drawable-hdpi-v4/abc_textfield_search_activated_mtrl_alpha.9.png
[DEBUG]  Adding res/drawable-hdpi-v4/abc_textfield_search_default_mtrl_alpha.9.png
[DEBUG]  Adding res/drawable-hdpi-v4/appicon.png
[DEBUG]  Adding res/drawable-ldpi-v4/appicon.png
[DEBUG]  Adding res/drawable-ldrtl-hdpi-v4/abc_ic_ab_back_mtrl_am_alpha.png
[DEBUG]  Adding res/drawable-ldrtl-hdpi-v4/abc_ic_menu_copy_mtrl_am_alpha.png
[DEBUG]  Adding res/drawable-ldrtl-hdpi-v4/abc_ic_menu_cut_mtrl_alpha.png
[DEBUG]  Adding res/drawable-ldrtl-hdpi-v4/abc_spinner_mtrl_am_alpha.9.png
[DEBUG]  Adding res/drawable-ldrtl-mdpi-v4/abc_ic_ab_back_mtrl_am_alpha.png
[DEBUG]  Adding res/drawable-ldrtl-mdpi-v4/abc_ic_menu_copy_mtrl_am_alpha.png
[DEBUG]  Adding res/drawable-ldrtl-mdpi-v4/abc_ic_menu_cut_mtrl_alpha.png
[DEBUG]  Adding res/drawable-ldrtl-mdpi-v4/abc_spinner_mtrl_am_alpha.9.png
[DEBUG]  Adding res/drawable-ldrtl-xhdpi-v4/abc_ic_ab_back_mtrl_am_alpha.png
[DEBUG]  Adding res/drawable-ldrtl-xhdpi-v4/abc_ic_menu_copy_mtrl_am_alpha.png
[DEBUG]  Adding res/drawable-ldrtl-xhdpi-v4/abc_ic_menu_cut_mtrl_alpha.png
[DEBUG]  Adding res/drawable-ldrtl-xhdpi-v4/abc_spinner_mtrl_am_alpha.9.png
[DEBUG]  Adding res/drawable-ldrtl-xxhdpi-v4/abc_ic_ab_back_mtrl_am_alpha.png
[DEBUG]  Adding res/drawable-ldrtl-xxhdpi-v4/abc_ic_menu_copy_mtrl_am_alpha.png
[DEBUG]  Adding res/drawable-ldrtl-xxhdpi-v4/abc_ic_menu_cut_mtrl_alpha.png
[DEBUG]  Adding res/drawable-ldrtl-xxhdpi-v4/abc_spinner_mtrl_am_alpha.9.png
[DEBUG]  Adding res/drawable-ldrtl-xxxhdpi-v4/abc_ic_ab_back_mtrl_am_alpha.png
[DEBUG]  Adding res/drawable-ldrtl-xxxhdpi-v4/abc_ic_menu_copy_mtrl_am_alpha.png
[DEBUG]  Adding res/drawable-ldrtl-xxxhdpi-v4/abc_ic_menu_cut_mtrl_alpha.png
[DEBUG]  Adding res/drawable-ldrtl-xxxhdpi-v4/abc_spinner_mtrl_am_alpha.9.png
[DEBUG]  Adding res/drawable-long-land-hdpi-v4/background.png
[DEBUG]  Adding res/drawable-long-land-ldpi-v4/background.png
[DEBUG]  Adding res/drawable-long-port-hdpi-v4/background.png
[DEBUG]  Adding res/drawable-long-port-ldpi-v4/background.png
[DEBUG]  Adding res/drawable-mdpi-v4/abc_ab_share_pack_mtrl_alpha.9.png
[DEBUG]  Adding res/drawable-mdpi-v4/abc_btn_check_to_on_mtrl_000.png
[DEBUG]  Adding res/drawable-mdpi-v4/abc_btn_check_to_on_mtrl_015.png
[DEBUG]  Adding res/drawable-mdpi-v4/abc_btn_radio_to_on_mtrl_000.png
[DEBUG]  Adding res/drawable-mdpi-v4/abc_btn_radio_to_on_mtrl_015.png
[DEBUG]  Adding res/drawable-mdpi-v4/abc_btn_rating_star_off_mtrl_alpha.png
[DEBUG]  Adding res/drawable-mdpi-v4/abc_btn_rating_star_on_mtrl_alpha.png
[DEBUG]  Adding res/drawable-mdpi-v4/abc_btn_switch_to_on_mtrl_00001.9.png
[DEBUG]  Adding res/drawable-mdpi-v4/abc_btn_switch_to_on_mtrl_00012.9.png
[DEBUG]  Adding res/drawable-mdpi-v4/abc_cab_background_top_mtrl_alpha.9.png
[DEBUG]  Adding res/drawable-mdpi-v4/abc_ic_ab_back_mtrl_am_alpha.png
[DEBUG]  Adding res/drawable-mdpi-v4/abc_ic_clear_mtrl_alpha.png
[DEBUG]  Adding res/drawable-mdpi-v4/abc_ic_commit_search_api_mtrl_alpha.png
[DEBUG]  Adding res/drawable-mdpi-v4/abc_ic_go_search_api_mtrl_alpha.png
[DEBUG]  Adding res/drawable-mdpi-v4/abc_ic_menu_copy_mtrl_am_alpha.png
[DEBUG]  Adding res/drawable-mdpi-v4/abc_ic_menu_cut_mtrl_alpha.png
[DEBUG]  Adding res/drawable-mdpi-v4/abc_ic_menu_moreoverflow_mtrl_alpha.png
[DEBUG]  Adding res/drawable-mdpi-v4/abc_ic_menu_paste_mtrl_am_alpha.png
[DEBUG]  Adding res/drawable-mdpi-v4/abc_ic_menu_selectall_mtrl_alpha.png
[DEBUG]  Adding res/drawable-mdpi-v4/abc_ic_menu_share_mtrl_alpha.png
[DEBUG]  Adding res/drawable-mdpi-v4/abc_ic_search_api_mtrl_alpha.png
[DEBUG]  Adding res/drawable-mdpi-v4/abc_ic_voice_search_api_mtrl_alpha.png
[DEBUG]  Adding res/drawable-mdpi-v4/abc_list_divider_mtrl_alpha.9.png
[DEBUG]  Adding res/drawable-mdpi-v4/abc_list_focused_holo.9.png
[DEBUG]  Adding res/drawable-mdpi-v4/abc_list_longpressed_holo.9.png
[DEBUG]  Adding res/drawable-mdpi-v4/abc_list_pressed_holo_dark.9.png
[DEBUG]  Adding res/drawable-mdpi-v4/abc_list_pressed_holo_light.9.png
[DEBUG]  Adding res/drawable-mdpi-v4/abc_list_selector_disabled_holo_dark.9.png
[DEBUG]  Adding res/drawable-mdpi-v4/abc_list_selector_disabled_holo_light.9.png
[DEBUG]  Adding res/drawable-mdpi-v4/abc_menu_hardkey_panel_mtrl_mult.9.png
[DEBUG]  Adding res/drawable-mdpi-v4/abc_popup_background_mtrl_mult.9.png
[DEBUG]  Adding res/drawable-mdpi-v4/abc_spinner_mtrl_am_alpha.9.png
[DEBUG]  Adding res/drawable-mdpi-v4/abc_switch_track_mtrl_alpha.9.png
[DEBUG]  Adding res/drawable-mdpi-v4/abc_tab_indicator_mtrl_alpha.9.png
[DEBUG]  Adding res/drawable-mdpi-v4/abc_text_cursor_mtrl_alpha.9.png
[DEBUG]  Adding res/drawable-mdpi-v4/abc_textfield_activated_mtrl_alpha.9.png
[DEBUG]  Adding res/drawable-mdpi-v4/abc_textfield_default_mtrl_alpha.9.png
[DEBUG]  Adding res/drawable-mdpi-v4/abc_textfield_search_activated_mtrl_alpha.9.png
[DEBUG]  Adding res/drawable-mdpi-v4/abc_textfield_search_default_mtrl_alpha.9.png
[DEBUG]  Adding res/drawable-mdpi-v4/appicon.png
[DEBUG]  Adding res/drawable-notlong-land-hdpi-v4/background.png
[DEBUG]  Adding res/drawable-notlong-land-ldpi-v4/background.png
[DEBUG]  Adding res/drawable-notlong-land-mdpi-v4/background.png
[DEBUG]  Adding res/drawable-notlong-port-hdpi-v4/background.png
[DEBUG]  Adding res/drawable-notlong-port-ldpi-v4/background.png
[DEBUG]  Adding res/drawable-notlong-port-mdpi-v4/background.png
[DEBUG]  Adding res/drawable-tvdpi-v4/abc_btn_switch_to_on_mtrl_00001.9.png
[DEBUG]  Adding res/drawable-tvdpi-v4/abc_btn_switch_to_on_mtrl_00012.9.png
[DEBUG]  Adding res/drawable-xhdpi-v4/abc_ab_share_pack_mtrl_alpha.9.png
[DEBUG]  Adding res/drawable-xhdpi-v4/abc_btn_check_to_on_mtrl_000.png
[DEBUG]  Adding res/drawable-xhdpi-v4/abc_btn_check_to_on_mtrl_015.png
[DEBUG]  Adding res/drawable-xhdpi-v4/abc_btn_radio_to_on_mtrl_000.png
[DEBUG]  Adding res/drawable-xhdpi-v4/abc_btn_radio_to_on_mtrl_015.png
[DEBUG]  Adding res/drawable-xhdpi-v4/abc_btn_rating_star_off_mtrl_alpha.png
[DEBUG]  Adding res/drawable-xhdpi-v4/abc_btn_rating_star_on_mtrl_alpha.png
[DEBUG]  Adding res/drawable-xhdpi-v4/abc_btn_switch_to_on_mtrl_00001.9.png
[DEBUG]  Adding res/drawable-xhdpi-v4/abc_btn_switch_to_on_mtrl_00012.9.png
[DEBUG]  Adding res/drawable-xhdpi-v4/abc_cab_background_top_mtrl_alpha.9.png
[DEBUG]  Adding res/drawable-xhdpi-v4/abc_ic_ab_back_mtrl_am_alpha.png
[DEBUG]  Adding res/drawable-xhdpi-v4/abc_ic_clear_mtrl_alpha.png
[DEBUG]  Adding res/drawable-xhdpi-v4/abc_ic_commit_search_api_mtrl_alpha.png
[DEBUG]  Adding res/drawable-xhdpi-v4/abc_ic_go_search_api_mtrl_alpha.png
[DEBUG]  Adding res/drawable-xhdpi-v4/abc_ic_menu_copy_mtrl_am_alpha.png
[DEBUG]  Adding res/drawable-xhdpi-v4/abc_ic_menu_cut_mtrl_alpha.png
[DEBUG]  Adding res/drawable-xhdpi-v4/abc_ic_menu_moreoverflow_mtrl_alpha.png
[DEBUG]  Adding res/drawable-xhdpi-v4/abc_ic_menu_paste_mtrl_am_alpha.png
[DEBUG]  Adding res/drawable-xhdpi-v4/abc_ic_menu_selectall_mtrl_alpha.png
[DEBUG]  Adding res/drawable-xhdpi-v4/abc_ic_menu_share_mtrl_alpha.png
[DEBUG]  Adding res/drawable-xhdpi-v4/abc_ic_search_api_mtrl_alpha.png
[DEBUG]  Adding res/drawable-xhdpi-v4/abc_ic_voice_search_api_mtrl_alpha.png
[DEBUG]  Adding res/drawable-xhdpi-v4/abc_list_divider_mtrl_alpha.9.png
[DEBUG]  Adding res/drawable-xhdpi-v4/abc_list_focused_holo.9.png
[DEBUG]  Adding res/drawable-xhdpi-v4/abc_list_longpressed_holo.9.png
[DEBUG]  Adding res/drawable-xhdpi-v4/abc_list_pressed_holo_dark.9.png
[DEBUG]  Adding res/drawable-xhdpi-v4/abc_list_pressed_holo_light.9.png
[DEBUG]  Adding res/drawable-xhdpi-v4/abc_list_selector_disabled_holo_dark.9.png
[DEBUG]  Adding res/drawable-xhdpi-v4/abc_list_selector_disabled_holo_light.9.png
[DEBUG]  Adding res/drawable-xhdpi-v4/abc_menu_hardkey_panel_mtrl_mult.9.png
[DEBUG]  Adding res/drawable-xhdpi-v4/abc_popup_background_mtrl_mult.9.png
[DEBUG]  Adding res/drawable-xhdpi-v4/abc_spinner_mtrl_am_alpha.9.png
[DEBUG]  Adding res/drawable-xhdpi-v4/abc_switch_track_mtrl_alpha.9.png
[DEBUG]  Adding res/drawable-xhdpi-v4/abc_tab_indicator_mtrl_alpha.9.png
[DEBUG]  Adding res/drawable-xhdpi-v4/abc_text_cursor_mtrl_alpha.9.png
[DEBUG]  Adding res/drawable-xhdpi-v4/abc_textfield_activated_mtrl_alpha.9.png
[DEBUG]  Adding res/drawable-xhdpi-v4/abc_textfield_default_mtrl_alpha.9.png
[DEBUG]  Adding res/drawable-xhdpi-v4/abc_textfield_search_activated_mtrl_alpha.9.png
[DEBUG]  Adding res/drawable-xhdpi-v4/abc_textfield_search_default_mtrl_alpha.9.png
[DEBUG]  Adding res/drawable-xhdpi-v4/appicon.png
[DEBUG]  Adding res/drawable-xxhdpi-v4/abc_ab_share_pack_mtrl_alpha.9.png
[DEBUG]  Adding res/drawable-xxhdpi-v4/abc_btn_check_to_on_mtrl_000.png
[DEBUG]  Adding res/drawable-xxhdpi-v4/abc_btn_check_to_on_mtrl_015.png
[DEBUG]  Adding res/drawable-xxhdpi-v4/abc_btn_radio_to_on_mtrl_000.png
[DEBUG]  Adding res/drawable-xxhdpi-v4/abc_btn_radio_to_on_mtrl_015.png
[DEBUG]  Adding res/drawable-xxhdpi-v4/abc_btn_rating_star_off_mtrl_alpha.png
[DEBUG]  Adding res/drawable-xxhdpi-v4/abc_btn_rating_star_on_mtrl_alpha.png
[DEBUG]  Adding res/drawable-xxhdpi-v4/abc_btn_switch_to_on_mtrl_00001.9.png
[DEBUG]  Adding res/drawable-xxhdpi-v4/abc_btn_switch_to_on_mtrl_00012.9.png
[DEBUG]  Adding res/drawable-xxhdpi-v4/abc_cab_background_top_mtrl_alpha.9.png
[DEBUG]  Adding res/drawable-xxhdpi-v4/abc_ic_ab_back_mtrl_am_alpha.png
[DEBUG]  Adding res/drawable-xxhdpi-v4/abc_ic_clear_mtrl_alpha.png
[DEBUG]  Adding res/drawable-xxhdpi-v4/abc_ic_commit_search_api_mtrl_alpha.png
[DEBUG]  Adding res/drawable-xxhdpi-v4/abc_ic_go_search_api_mtrl_alpha.png
[DEBUG]  Adding res/drawable-xxhdpi-v4/abc_ic_menu_copy_mtrl_am_alpha.png
[DEBUG]  Adding res/drawable-xxhdpi-v4/abc_ic_menu_cut_mtrl_alpha.png
[DEBUG]  Adding res/drawable-xxhdpi-v4/abc_ic_menu_moreoverflow_mtrl_alpha.png
[DEBUG]  Adding res/drawable-xxhdpi-v4/abc_ic_menu_paste_mtrl_am_alpha.png
[DEBUG]  Adding res/drawable-xxhdpi-v4/abc_ic_menu_selectall_mtrl_alpha.png
[DEBUG]  Adding res/drawable-xxhdpi-v4/abc_ic_menu_share_mtrl_alpha.png
[DEBUG]  Adding res/drawable-xxhdpi-v4/abc_ic_search_api_mtrl_alpha.png
[DEBUG]  Adding res/drawable-xxhdpi-v4/abc_ic_voice_search_api_mtrl_alpha.png
[DEBUG]  Adding res/drawable-xxhdpi-v4/abc_list_divider_mtrl_alpha.9.png
[DEBUG]  Adding res/drawable-xxhdpi-v4/abc_list_focused_holo.9.png
[DEBUG]  Adding res/drawable-xxhdpi-v4/abc_list_longpressed_holo.9.png
[DEBUG]  Adding res/drawable-xxhdpi-v4/abc_list_pressed_holo_dark.9.png
[DEBUG]  Adding res/drawable-xxhdpi-v4/abc_list_pressed_holo_light.9.png
[DEBUG]  Adding res/drawable-xxhdpi-v4/abc_list_selector_disabled_holo_dark.9.png
[DEBUG]  Adding res/drawable-xxhdpi-v4/abc_list_selector_disabled_holo_light.9.png
[DEBUG]  Adding res/drawable-xxhdpi-v4/abc_menu_hardkey_panel_mtrl_mult.9.png
[DEBUG]  Adding res/drawable-xxhdpi-v4/abc_popup_background_mtrl_mult.9.png
[DEBUG]  Adding res/drawable-xxhdpi-v4/abc_spinner_mtrl_am_alpha.9.png
[DEBUG]  Adding res/drawable-xxhdpi-v4/abc_switch_track_mtrl_alpha.9.png
[DEBUG]  Adding res/drawable-xxhdpi-v4/abc_tab_indicator_mtrl_alpha.9.png
[DEBUG]  Adding res/drawable-xxhdpi-v4/abc_text_cursor_mtrl_alpha.9.png
[DEBUG]  Adding res/drawable-xxhdpi-v4/abc_textfield_activated_mtrl_alpha.9.png
[DEBUG]  Adding res/drawable-xxhdpi-v4/abc_textfield_default_mtrl_alpha.9.png
[DEBUG]  Adding res/drawable-xxhdpi-v4/abc_textfield_search_activated_mtrl_alpha.9.png
[DEBUG]  Adding res/drawable-xxhdpi-v4/abc_textfield_search_default_mtrl_alpha.9.png
[DEBUG]  Adding res/drawable-xxhdpi-v4/appicon.png
[DEBUG]  Adding res/drawable-xxxhdpi-v4/abc_btn_check_to_on_mtrl_000.png
[DEBUG]  Adding res/drawable-xxxhdpi-v4/abc_btn_check_to_on_mtrl_015.png
[DEBUG]  Adding res/drawable-xxxhdpi-v4/abc_btn_radio_to_on_mtrl_000.png
[DEBUG]  Adding res/drawable-xxxhdpi-v4/abc_btn_radio_to_on_mtrl_015.png
[DEBUG]  Adding res/drawable-xxxhdpi-v4/abc_btn_switch_to_on_mtrl_00001.9.png
[DEBUG]  Adding res/drawable-xxxhdpi-v4/abc_btn_switch_to_on_mtrl_00012.9.png
[DEBUG]  Adding res/drawable-xxxhdpi-v4/abc_ic_ab_back_mtrl_am_alpha.png
[DEBUG]  Adding res/drawable-xxxhdpi-v4/abc_ic_clear_mtrl_alpha.png
[DEBUG]  Adding res/drawable-xxxhdpi-v4/abc_ic_menu_copy_mtrl_am_alpha.png
[DEBUG]  Adding res/drawable-xxxhdpi-v4/abc_ic_menu_cut_mtrl_alpha.png
[DEBUG]  Adding res/drawable-xxxhdpi-v4/abc_ic_menu_moreoverflow_mtrl_alpha.png
[DEBUG]  Adding res/drawable-xxxhdpi-v4/abc_ic_menu_paste_mtrl_am_alpha.png
[DEBUG]  Adding res/drawable-xxxhdpi-v4/abc_ic_menu_selectall_mtrl_alpha.png
[DEBUG]  Adding res/drawable-xxxhdpi-v4/abc_ic_menu_share_mtrl_alpha.png
[DEBUG]  Adding res/drawable-xxxhdpi-v4/abc_ic_search_api_mtrl_alpha.png
[DEBUG]  Adding res/drawable-xxxhdpi-v4/abc_ic_voice_search_api_mtrl_alpha.png
[DEBUG]  Adding res/drawable-xxxhdpi-v4/abc_spinner_mtrl_am_alpha.9.png
[DEBUG]  Adding res/drawable-xxxhdpi-v4/abc_switch_track_mtrl_alpha.9.png
[DEBUG]  Adding res/drawable-xxxhdpi-v4/abc_tab_indicator_mtrl_alpha.9.png
[DEBUG]  Adding res/drawable-xxxhdpi-v4/appicon.png
[DEBUG]  Deflating res/drawable/abc_btn_borderless_material.xml
[DEBUG]  Deflating res/drawable/abc_btn_check_material.xml
[DEBUG]  Deflating res/drawable/abc_btn_default_mtrl_shape.xml
[DEBUG]  Deflating res/drawable/abc_btn_radio_material.xml
[DEBUG]  Deflating res/drawable/abc_cab_background_internal_bg.xml
[DEBUG]  Deflating res/drawable/abc_cab_background_top_material.xml
[DEBUG]  Deflating res/drawable/abc_dialog_material_background_dark.xml
[DEBUG]  Deflating res/drawable/abc_dialog_material_background_light.xml
[DEBUG]  Deflating res/drawable/abc_edit_text_material.xml
[DEBUG]  Deflating res/drawable/abc_item_background_holo_dark.xml
[DEBUG]  Deflating res/drawable/abc_item_background_holo_light.xml
[DEBUG]  Deflating res/drawable/abc_list_selector_background_transition_holo_dark.xml
[DEBUG]  Deflating res/drawable/abc_list_selector_background_transition_holo_light.xml
[DEBUG]  Deflating res/drawable/abc_list_selector_holo_dark.xml
[DEBUG]  Deflating res/drawable/abc_list_selector_holo_light.xml
[DEBUG]  Deflating res/drawable/abc_ratingbar_full_material.xml
[DEBUG]  Deflating res/drawable/abc_spinner_textfield_background_material.xml
[DEBUG]  Deflating res/drawable/abc_switch_thumb_material.xml
[DEBUG]  Deflating res/drawable/abc_tab_indicator_material.xml
[DEBUG]  Deflating res/drawable/abc_textfield_search_material.xml
[DEBUG]  Adding res/drawable/appicon.png
[DEBUG]  Adding res/drawable/background.png
[DEBUG]  Adding res/drawable/btn_check_buttonless_on_64.png
[DEBUG]  Adding res/drawable/btn_more_64.png
[DEBUG]  Adding res/drawable/disclosure_64.png
[DEBUG]  Deflating res/layout-v11/abc_screen_content_include.xml
[DEBUG]  Deflating res/layout-v17/abc_alert_dialog_material.xml
[DEBUG]  Deflating res/layout-v17/abc_dialog_title_material.xml
[DEBUG]  Deflating res/layout-v17/abc_search_view.xml
[DEBUG]  Deflating res/layout-v21/abc_screen_toolbar.xml
[DEBUG]  Deflating res/layout-v21/titanium_ui_date_picker_spinner.xml
[DEBUG]  Deflating res/layout-v21/titanium_ui_time_picker_spinner.xml
[DEBUG]  Deflating res/layout/abc_action_bar_title_item.xml
[DEBUG]  Deflating res/layout/abc_action_bar_up_container.xml
[DEBUG]  Deflating res/layout/abc_action_bar_view_list_nav_layout.xml
[DEBUG]  Deflating res/layout/abc_action_menu_item_layout.xml
[DEBUG]  Deflating res/layout/abc_action_menu_layout.xml
[DEBUG]  Deflating res/layout/abc_action_mode_bar.xml
[DEBUG]  Deflating res/layout/abc_action_mode_close_item_material.xml
[DEBUG]  Deflating res/layout/abc_activity_chooser_view.xml
[DEBUG]  Deflating res/layout/abc_activity_chooser_view_list_item.xml
[DEBUG]  Deflating res/layout/abc_alert_dialog_material.xml
[DEBUG]  Deflating res/layout/abc_dialog_title_material.xml
[DEBUG]  Deflating res/layout/abc_expanded_menu_layout.xml
[DEBUG]  Deflating res/layout/abc_list_menu_item_checkbox.xml
[DEBUG]  Deflating res/layout/abc_list_menu_item_icon.xml
[DEBUG]  Deflating res/layout/abc_list_menu_item_layout.xml
[DEBUG]  Deflating res/layout/abc_list_menu_item_radio.xml
[DEBUG]  Deflating res/layout/abc_popup_menu_item_layout.xml
[DEBUG]  Deflating res/layout/abc_screen_content_include.xml
[DEBUG]  Deflating res/layout/abc_screen_simple.xml
[DEBUG]  Deflating res/layout/abc_screen_simple_overlay_action_mode.xml
[DEBUG]  Deflating res/layout/abc_screen_toolbar.xml
[DEBUG]  Deflating res/layout/abc_search_dropdown_item_icons_2line.xml
[DEBUG]  Deflating res/layout/abc_search_view.xml
[DEBUG]  Deflating res/layout/abc_select_dialog_material.xml
[DEBUG]  Deflating res/layout/abc_simple_dropdown_hint.xml
[DEBUG]  Deflating res/layout/select_dialog_item_material.xml
[DEBUG]  Deflating res/layout/select_dialog_multichoice_material.xml
[DEBUG]  Deflating res/layout/select_dialog_singlechoice_material.xml
[DEBUG]  Deflating res/layout/support_simple_spinner_dropdown_item.xml
[DEBUG]  Deflating res/layout/titanium_tabgroup.xml
[DEBUG]  Deflating res/layout/titanium_ui_checkbox.xml
[DEBUG]  Deflating res/layout/titanium_ui_date_picker_spinner.xml
[DEBUG]  Deflating res/layout/titanium_ui_edittext.xml
[DEBUG]  Deflating res/layout/titanium_ui_list_header_or_footer.xml
[DEBUG]  Deflating res/layout/titanium_ui_list_item.xml
[DEBUG]  Deflating res/layout/titanium_ui_spinner.xml
[DEBUG]  Deflating res/layout/titanium_ui_switchcompat.xml
[DEBUG]  Deflating res/layout/titanium_ui_time_picker_spinner.xml
[DEBUG]  Deflating resources.arsc
[DEBUG]  Processing /Users/geraudbourdin/Documents/Mobile/Ti.SvgView-TestApp/modules/android/com.geraudbourdin.svgview/1.0.1/svgview.jar
[DEBUG]  Processing /Users/geraudbourdin/Documents/Mobile/Ti.SvgView-TestApp/modules/android/com.geraudbourdin.svgview/1.0.1/lib/androidsvg-1.2.1.jar
[DEBUG]  Processing /Users/geraudbourdin/Library/Application Support/Titanium/mobilesdk/osx/5.0.2.GA/android/kroll-v8.jar
[DEBUG]  Processing /Users/geraudbourdin/Library/Application Support/Titanium/mobilesdk/osx/5.0.2.GA/android/modules/titanium-analytics.jar
[DEBUG]  Processing /Users/geraudbourdin/Library/Application Support/Titanium/mobilesdk/osx/5.0.2.GA/android/aps-analytics.jar
[DEBUG]  Processing /Users/geraudbourdin/Library/Application Support/Titanium/mobilesdk/osx/5.0.2.GA/android/modules/titanium-android.jar
[DEBUG]  Processing /Users/geraudbourdin/Library/Application Support/Titanium/mobilesdk/osx/5.0.2.GA/android/jaxen-1.1.1.jar
[DEBUG]  Processing /Users/geraudbourdin/Library/Application Support/Titanium/mobilesdk/osx/5.0.2.GA/android/ti-commons-codec-1.3.jar
[DEBUG]  Processing /Users/geraudbourdin/Library/Application Support/Titanium/mobilesdk/osx/5.0.2.GA/android/kroll-common.jar
[DEBUG]  Processing /Users/geraudbourdin/Library/Application Support/Titanium/mobilesdk/osx/5.0.2.GA/android/titanium.jar
[DEBUG]  Deflating org/appcelerator/titanium/build.properties
[DEBUG]  Adding org/appcelerator/titanium/res/drawable/background.png
[DEBUG]  Adding org/appcelerator/titanium/res/drawable/btn_check_buttonless_on.png
[DEBUG]  Adding org/appcelerator/titanium/res/drawable/btn_check_buttonless_on_100.png
[DEBUG]  Adding org/appcelerator/titanium/res/drawable/btn_check_buttonless_on_18.png
[DEBUG]  Adding org/appcelerator/titanium/res/drawable/btn_check_buttonless_on_48.png
[DEBUG]  Adding org/appcelerator/titanium/res/drawable/btn_check_buttonless_on_64.png
[DEBUG]  Adding org/appcelerator/titanium/res/drawable/btn_more.png
[DEBUG]  Adding org/appcelerator/titanium/res/drawable/btn_more_100.png
[DEBUG]  Adding org/appcelerator/titanium/res/drawable/btn_more_18.png
[DEBUG]  Adding org/appcelerator/titanium/res/drawable/btn_more_48.png
[DEBUG]  Adding org/appcelerator/titanium/res/drawable/btn_more_64.png
[DEBUG]  Adding org/appcelerator/titanium/res/drawable/btn_picker_normal.9.png
[DEBUG]  Adding org/appcelerator/titanium/res/drawable/btn_picker_pressed.9.png
[DEBUG]  Adding org/appcelerator/titanium/res/drawable/btn_picker_selected.9.png
[DEBUG]  Adding org/appcelerator/titanium/res/drawable/default_icon.png
[DEBUG]  Adding org/appcelerator/titanium/res/drawable/photoDefault.png
[DEBUG]  Processing /Users/geraudbourdin/Library/Application Support/Titanium/mobilesdk/osx/5.0.2.GA/android/modules/titanium-app.jar
[DEBUG]  Processing /Users/geraudbourdin/Library/Application Support/Titanium/mobilesdk/osx/5.0.2.GA/android/modules/titanium-ui.jar
[DEBUG]  Deflating ti/modules/titanium/ui/widget/webview/binding.js
[DEBUG]  Deflating ti/modules/titanium/ui/widget/webview/binding.min.js
[DEBUG]  Deflating ti/modules/titanium/ui/widget/webview/json2.js
[DEBUG]  Deflating ti/modules/titanium/ui/widget/webview/polling.js
[DEBUG]  Deflating ti/modules/titanium/ui/widget/webview/polling.min.js
[DEBUG]  Processing /Users/geraudbourdin/Library/Application Support/Titanium/mobilesdk/osx/5.0.2.GA/android/nineoldandroids-appc-2.4.0.jar
[DEBUG]  Processing /Users/geraudbourdin/Library/Application Support/Titanium/mobilesdk/osx/5.0.2.GA/android/modules/titanium-filesystem.jar
[DEBUG]  Processing /Users/geraudbourdin/Library/Application Support/Titanium/mobilesdk/osx/5.0.2.GA/android/modules/titanium-media.jar
[DEBUG]  Processing /Users/geraudbourdin/Library/Application Support/Titanium/mobilesdk/osx/5.0.2.GA/android/modules/titanium-appcompat.jar
[DEBUG]  Processing /Users/geraudbourdin/Library/Application Support/Titanium/mobilesdk/osx/5.0.2.GA/android/android-support-v4.jar
[DEBUG]  Processing /Users/geraudbourdin/Library/Application Support/Titanium/mobilesdk/osx/5.0.2.GA/android/android-support-v7-appcompat.jar
[DEBUG]  Processing /Users/geraudbourdin/Library/Application Support/Titanium/mobilesdk/osx/5.0.2.GA/android/modules/titanium-locale.jar
[DEBUG]  Processing /Users/geraudbourdin/Library/Application Support/Titanium/mobilesdk/osx/5.0.2.GA/android/modules/titanium-network.jar
[DEBUG]  Processing /Users/geraudbourdin/Library/Application Support/Titanium/mobilesdk/osx/5.0.2.GA/android/modules/titanium-xml.jar
[DEBUG]  Processing /Users/geraudbourdin/Library/Application Support/Titanium/mobilesdk/osx/5.0.2.GA/android/modules/titanium-platform.jar
[DEBUG]  Processing /Users/geraudbourdin/Library/Application Support/Titanium/mobilesdk/osx/5.0.2.GA/android/modules/titanium-database.jar
[DEBUG]  Adding classes.dex
[INFO]   Processing /Users/geraudbourdin/Documents/Mobile/Ti.SvgView-TestApp/build/android/src
[DEBUG]  Adding lib/armeabi/libkroll-v8.so
[DEBUG]  Adding lib/armeabi/libstlport_shared.so
[DEBUG]  Adding lib/armeabi/libtiverify.so
[DEBUG]  Adding lib/armeabi-v7a/libkroll-v8.so
[DEBUG]  Adding lib/armeabi-v7a/libstlport_shared.so
[DEBUG]  Adding lib/armeabi-v7a/libtiverify.so
[DEBUG]  Adding lib/x86/libkroll-v8.so
[DEBUG]  Adding lib/x86/libstlport_shared.so
[DEBUG]  Adding lib/x86/libtiverify.so
[DEBUG]  Adding lib/armeabi/libcom.geraudbourdin.svgview.so
[DEBUG]  Adding lib/armeabi-v7a/libcom.geraudbourdin.svgview.so
[DEBUG]  Adding lib/x86/libcom.geraudbourdin.svgview.so
[INFO]   Writing unsigned apk: /Users/geraudbourdin/Documents/Mobile/Ti.SvgView-TestApp/build/android/bin/app-unsigned.apk
[INFO]   Using MD5withRSA signature algorithm
[INFO]   Signing apk: /Library/Java/JavaVirtualMachines/jdk1.8.0_60.jdk/Contents/Home/bin/jarsigner "-sigalg" "MD5withRSA" "-digestalg" "SHA1" "-keystore" "/Users/geraudbourdin/Library/Application Support/Titanium/mobilesdk/osx/5.0.2.GA/android/dev_keystore" "-storepass" "*******" "-signedjar" "/Users/geraudbourdin/Documents/Mobile/Ti.SvgView-TestApp/build/android/bin/svgview-testapp.apk" "/Users/geraudbourdin/Documents/Mobile/Ti.SvgView-TestApp/build/android/bin/app-unsigned.apk" "tidev"
[INFO]   Aligning zip file: /Users/geraudbourdin/Library/android-sdk-macosx/build-tools/23.0.1/zipalign "-v" "4" "/Users/geraudbourdin/Documents/Mobile/Ti.SvgView-TestApp/build/android/bin/svgview-testapp.apk" "/Users/geraudbourdin/Documents/Mobile/Ti.SvgView-TestApp/build/android/bin/svgview-testapp.apkz"
[INFO]   Writing build manifest: /Users/geraudbourdin/Documents/Mobile/Ti.SvgView-TestApp/build/android/build-manifest.json
[INFO]   Making sure the adb server is running
[INFO]   Installing apk: /Users/geraudbourdin/Documents/Mobile/Ti.SvgView-TestApp/build/android/bin/svgview-testapp.apk
[INFO]   Installing app on device: SM-G900F
[TRACE]  Checking if package manager service is started
[TRACE]  Package manager has started
[TRACE]  Executing: /Users/geraudbourdin/Library/android-sdk-macosx/platform-tools/adb -s 116f01c8 install -r /Users/geraudbourdin/Documents/Mobile/Ti.SvgView-TestApp/build/android/bin/svgview-testapp.apk
[INFO]   App successfully installed
[INFO]   Starting app: com.geraudbourdin.svgview.test/.SvgviewTestappActivity
[DEBUG]  Trying to start the app...
[INFO]   Application pid: 2058
[INFO]   Project built successfully in 35s 147ms
